#
# There is insufficient memory for the Java Runtime Environment to continue.
# Native memory allocation (mmap) failed to map 65536 bytes for Failed to commit metaspace.
# Possible reasons:
#   The system is out of physical RAM or swap space
#   The process is running with CompressedOops enabled, and the Java Heap may be blocking the growth of the native heap
# Possible solutions:
#   Reduce memory load on the system
#   Increase physical memory or swap space
#   Check if swap backing store is full
#   Decrease Java heap size (-Xmx/-Xms)
#   Decrease number of Java threads
#   Decrease Java thread stack sizes (-Xss)
#   Set larger code cache with -XX:ReservedCodeCacheSize=
#   JVM is running with Unscaled Compressed Oops mode in which the Java heap is
#     placed in the first 4GB address space. The Java Heap base address is the
#     maximum limit for the native heap growth. Please use -XX:HeapBaseMinAddress
#     to set the Java Heap base and to place the Java Heap above 4GB virtual address.
# This output file may be truncated or incomplete.
#
#  Out of Memory Error (virtualSpaceNode.cpp:110), pid=13972, tid=12180
#
# JRE version: OpenJDK Runtime Environment (18.0.2+9) (build 18.0.2+9-61)
# Java VM: OpenJDK 64-Bit Server VM (18.0.2+9-61, mixed mode, sharing, tiered, compressed oops, compressed class ptrs, g1 gc, windows-amd64)
# No core dump will be written. Minidumps are not enabled by default on client versions of Windows
#

---------------  S U M M A R Y ------------

Command Line: -ea -Didea.test.cyclic.buffer.size=1048576 -javaagent:E:\IntelliJ IDEA 2021.3\lib\idea_rt.jar=59987:E:\IntelliJ IDEA 2021.3\bin -Dfile.encoding=UTF-8 com.intellij.rt.testng.RemoteTestNGStarter -usedefaultlisteners false -socket59986 @w@C:\Users\Miller\AppData\Local\Temp\idea_working_dirs_testng.tmp -temp C:\Users\Miller\AppData\Local\Temp\idea_testng.tmp

Host: Intel(R) Pentium(R) Silver N5000 CPU @ 1.10GHz, 4 cores, 3G,  Windows 10 , 64 bit Build 19041 (10.0.19041.1889)
Time: Fri Oct 28 11:47:50 2022 RTZ 1 (s 10 , 64 bit Build 19041 (10.0.19041.1889) elapsed time: 3.565730 seconds (0d 0h 0m 3s)

---------------  T H R E A D  ---------------

Current thread (0x0000025432b6c1e0):  JavaThread "main" [_thread_in_vm, id=12180, stack(0x000000b7a8d00000,0x000000b7a8e00000)]

Stack: [0x000000b7a8d00000,0x000000b7a8e00000]
Native frames: (J=compiled Java code, j=interpreted, Vv=VM code, C=native code)
V  [jvm.dll+0x6993ca]
V  [jvm.dll+0x7f481d]
V  [jvm.dll+0x7f612e]
V  [jvm.dll+0x7f67e3]
V  [jvm.dll+0x25cdaf]
V  [jvm.dll+0x7f052b]
V  [jvm.dll+0x63f546]
V  [jvm.dll+0x1d741e]
V  [jvm.dll+0x641eeb]
V  [jvm.dll+0x641cee]
V  [jvm.dll+0x63ff0e]
V  [jvm.dll+0x252940]
V  [jvm.dll+0x20318d]
V  [jvm.dll+0x1f8bb1]
V  [jvm.dll+0x55dc05]
V  [jvm.dll+0x76e993]
V  [jvm.dll+0x76ea74]
V  [jvm.dll+0x42d7b4]
V  [jvm.dll+0x4334bf]
C  [java.dll+0x17ec]

Java frames: (J=compiled Java code, j=interpreted, Vv=VM code)
J 1068  java.lang.ClassLoader.defineClass1(Ljava/lang/ClassLoader;Ljava/lang/String;[BIILjava/security/ProtectionDomain;Ljava/lang/String;)Ljava/lang/Class; java.base@18.0.2 (0 bytes) @ 0x0000025441fbf9e3 [0x0000025441fbf920+0x00000000000000c3]
J 1525 c1 java.lang.ClassLoader.defineClass(Ljava/lang/String;[BIILjava/security/ProtectionDomain;)Ljava/lang/Class; java.base@18.0.2 (43 bytes) @ 0x000002543ace1e54 [0x000002543ace1b00+0x0000000000000354]
J 1273 c1 java.security.SecureClassLoader.defineClass(Ljava/lang/String;[BIILjava/security/CodeSource;)Ljava/lang/Class; java.base@18.0.2 (16 bytes) @ 0x000002543ac7868c [0x000002543ac785c0+0x00000000000000cc]
J 1213 c1 jdk.internal.loader.BuiltinClassLoader.defineClass(Ljava/lang/String;Ljdk/internal/loader/Resource;)Ljava/lang/Class; java.base@18.0.2 (121 bytes) @ 0x000002543ac5ae64 [0x000002543ac59f00+0x0000000000000f64]
J 1013 c1 jdk.internal.loader.BuiltinClassLoader.findClassOnClassPathOrNull(Ljava/lang/String;)Ljava/lang/Class; java.base@18.0.2 (64 bytes) @ 0x000002543abf4334 [0x000002543abf3660+0x0000000000000cd4]
J 580 c1 jdk.internal.loader.BuiltinClassLoader.loadClassOrNull(Ljava/lang/String;Z)Ljava/lang/Class; java.base@18.0.2 (143 bytes) @ 0x000002543ab24834 [0x000002543ab23dc0+0x0000000000000a74]
J 873 c1 jdk.internal.loader.ClassLoaders$AppClassLoader.loadClass(Ljava/lang/String;Z)Ljava/lang/Class; java.base@18.0.2 (40 bytes) @ 0x000002543ab9bbc4 [0x000002543ab9b9e0+0x00000000000001e4]
J 1052 c1 java.lang.ClassLoader.loadClass(Ljava/lang/String;)Ljava/lang/Class; java.base@18.0.2 (7 bytes) @ 0x000002543ac0244c [0x000002543ac02340+0x000000000000010c]
v  ~StubRoutines::call_stub
J 1551  java.lang.Class.forName0(Ljava/lang/String;ZLjava/lang/ClassLoader;Ljava/lang/Class;)Ljava/lang/Class; java.base@18.0.2 (0 bytes) @ 0x0000025441fe562f [0x0000025441fe55a0+0x000000000000008f]
j  java.lang.Class.forName(Ljava/lang/String;ZLjava/lang/ClassLoader;Ljava/lang/Class;)Ljava/lang/Class;+37 java.base@18.0.2
j  java.lang.Class.forName(Ljava/lang/String;ZLjava/lang/ClassLoader;)Ljava/lang/Class;+20 java.base@18.0.2
j  io.restassured.internal.common.classpath.ClassPathResolver.existsInCP(Ljava/lang/String;Ljava/lang/ClassLoader;)Z+3
j  io.restassured.internal.common.classpath.ClassPathResolver.existInCP(Ljava/lang/String;)Z+6
j  io.restassured.common.mapper.resolver.ObjectMapperResolver.<clinit>()V+26
v  ~StubRoutines::call_stub
j  io.restassured.config.ObjectMapperConfig.newJaxbObjectMapperFactoryOrNullIfNotInClasspath()Lio/restassured/path/xml/mapper/factory/JAXBObjectMapperFactory;+0
j  io.restassured.config.ObjectMapperConfig.<init>()V+48
j  io.restassured.config.RestAssuredConfig.<init>()V+47
j  io.restassured.RestAssured.<clinit>()V+52
v  ~StubRoutines::call_stub
j  api.firstStageApiTest.checkIdAndMailApiTest()V+0
j  java.lang.invoke.LambdaForm$DMH+0x0000000800c80400.invokeVirtual(Ljava/lang/Object;Ljava/lang/Object;)V+10 java.base@18.0.2
j  java.lang.invoke.LambdaForm$MH+0x0000000800c81000.invoke(Ljava/lang/Object;Ljava/lang/Object;)Ljava/lang/Object;+31 java.base@18.0.2
j  java.lang.invoke.Invokers$Holder.invokeExact_MT(Ljava/lang/Object;Ljava/lang/Object;Ljava/lang/Object;)Ljava/lang/Object;+19 java.base@18.0.2
j  jdk.internal.reflect.DirectMethodHandleAccessor.invokeImpl(Ljava/lang/Object;[Ljava/lang/Object;)Ljava/lang/Object;+41 java.base@18.0.2
j  jdk.internal.reflect.DirectMethodHandleAccessor.invoke(Ljava/lang/Object;[Ljava/lang/Object;)Ljava/lang/Object;+23 java.base@18.0.2
j  java.lang.reflect.Method.invoke(Ljava/lang/Object;[Ljava/lang/Object;)Ljava/lang/Object;+102 java.base@18.0.2
j  org.testng.internal.MethodInvocationHelper.invokeMethod(Ljava/lang/reflect/Method;Ljava/lang/Object;[Ljava/lang/Object;)Ljava/lang/Object;+258
j  org.testng.internal.TestInvoker.invokeMethod(Lorg/testng/internal/TestMethodArguments;Lorg/testng/xml/XmlSuite;Lorg/testng/internal/ITestInvoker$FailureContext;)Lorg/testng/ITestResult;+699
j  org.testng.internal.TestInvoker.invokeTestMethod(Lorg/testng/internal/TestMethodArguments;Lorg/testng/xml/XmlSuite;Lorg/testng/internal/ITestInvoker$FailureContext;)Lorg/testng/ITestResult;+16
j  org.testng.internal.MethodRunner.runInSequence(Lorg/testng/internal/TestMethodArguments;Lorg/testng/internal/ITestInvoker;Lorg/testng/ITestContext;Ljava/util/concurrent/atomic/AtomicInteger;Lorg/testng/internal/ITestInvoker$FailureContext;Ljava/util/Iterator;Z)Ljava/util/List;+127
j  org.testng.internal.TestInvoker$MethodInvocationAgent.invoke(I)I+313
j  org.testng.internal.TestInvoker.invokeTestMethods(Lorg/testng/ITestNGMethod;Lorg/testng/internal/ConfigurationGroupMethods;Ljava/lang/Object;Lorg/testng/ITestContext;)Ljava/util/List;+389
j  org.testng.internal.TestMethodWorker.invokeTestMethods(Lorg/testng/ITestNGMethod;Ljava/lang/Object;)V+14
j  org.testng.internal.TestMethodWorker.run()V+127
j  org.testng.TestRunner$$Lambda$132+0x0000000800ca41f0.accept(Ljava/lang/Object;)V+7
j  java.util.ArrayList.forEach(Ljava/util/function/Consumer;)V+46 java.base@18.0.2
j  org.testng.TestRunner.privateRun(Lorg/testng/xml/XmlTest;)V+380
j  org.testng.TestRunner.run()V+25
j  org.testng.SuiteRunner.runTest(Lorg/testng/TestRunner;)V+21
j  org.testng.SuiteRunner.runSequentially()V+31
j  org.testng.SuiteRunner.privateRun()V+332
j  org.testng.SuiteRunner.run()V+6
j  org.testng.SuiteRunnerWorker.runSuite(Lorg/testng/internal/SuiteRunnerMap;Lorg/testng/xml/XmlSuite;)V+87
j  org.testng.SuiteRunnerWorker.run()V+12
j  org.testng.TestNG.runSuitesSequentially(Lorg/testng/xml/XmlSuite;Lorg/testng/internal/SuiteRunnerMap;ILjava/lang/String;)V+66
j  org.testng.TestNG.runSuitesLocally()Ljava/util/List;+156
j  org.testng.TestNG.runSuites()Ljava/util/List;+1
j  org.testng.TestNG.run()V+25
j  com.intellij.rt.testng.IDEARemoteTestNG.run()V+270
j  com.intellij.rt.testng.RemoteTestNGStarter.main([Ljava/lang/String;)V+536
v  ~StubRoutines::call_stub

---------------  P R O C E S S  ---------------

Threads class SMR info:
_java_thread_list=0x00000254521d2f10, length=13, elements={
0x0000025432b6c1e0, 0x0000025432c0b1c0, 0x0000025432c0be20, 0x000002544dd53b30,
0x000002544dd553f0, 0x000002544dd55ca0, 0x000002544dd56550, 0x000002544dd57130,
0x000002544ddc1770, 0x000002544dddbc50, 0x0000025432bf5230, 0x00000254521d7f70,
0x00000254521e49e0
}

Java Threads: ( => current thread )
=>0x0000025432b6c1e0 JavaThread "main" [_thread_in_vm, id=12180, stack(0x000000b7a8d00000,0x000000b7a8e00000)]
  0x0000025432c0b1c0 JavaThread "Reference Handler" daemon [_thread_blocked, id=13524, stack(0x000000b7a9400000,0x000000b7a9500000)]
  0x0000025432c0be20 JavaThread "Finalizer" daemon [_thread_blocked, id=10268, stack(0x000000b7a9500000,0x000000b7a9600000)]
  0x000002544dd53b30 JavaThread "Signal Dispatcher" daemon [_thread_blocked, id=10488, stack(0x000000b7a9600000,0x000000b7a9700000)]
  0x000002544dd553f0 JavaThread "Attach Listener" daemon [_thread_blocked, id=7536, stack(0x000000b7a9700000,0x000000b7a9800000)]
  0x000002544dd55ca0 JavaThread "Service Thread" daemon [_thread_blocked, id=12640, stack(0x000000b7a9800000,0x000000b7a9900000)]
  0x000002544dd56550 JavaThread "Monitor Deflation Thread" daemon [_thread_blocked, id=10528, stack(0x000000b7a9900000,0x000000b7a9a00000)]
  0x000002544dd57130 JavaThread "C2 CompilerThread0" daemon [_thread_blocked, id=1484, stack(0x000000b7a9a00000,0x000000b7a9b00000)]
  0x000002544ddc1770 JavaThread "C1 CompilerThread0" daemon [_thread_blocked, id=3148, stack(0x000000b7a9b00000,0x000000b7a9c00000)]
  0x000002544dddbc50 JavaThread "Sweeper thread" daemon [_thread_blocked, id=11308, stack(0x000000b7a9c00000,0x000000b7a9d00000)]
  0x0000025432bf5230 JavaThread "Common-Cleaner" daemon [_thread_blocked, id=6312, stack(0x000000b7a9d00000,0x000000b7a9e00000)]
  0x00000254521d7f70 JavaThread "Monitor Ctrl-Break" daemon [_thread_in_native, id=10660, stack(0x000000b7a9e00000,0x000000b7a9f00000)]
  0x00000254521e49e0 JavaThread "Notification Thread" daemon [_thread_blocked, id=1848, stack(0x000000b7a9f00000,0x000000b7aa000000)]

Other Threads:
  0x0000025432c07dc0 VMThread "VM Thread" [stack: 0x000000b7a9300000,0x000000b7a9400000] [id=2316]
  0x0000025432b6d180 WatcherThread "VM Periodic Task Thread" [stack: 0x000000b7aa000000,0x000000b7aa100000] [id=7692]
  0x0000025432babc30 WorkerThread "GC Thread#0" [stack: 0x000000b7a8e00000,0x000000b7a8f00000] [id=11292]
  0x00000254529bbe80 WorkerThread "GC Thread#1" [stack: 0x000000b7aa100000,0x000000b7aa200000] [id=4852]
  0x00000254528c4b00 WorkerThread "GC Thread#2" [stack: 0x000000b7aa200000,0x000000b7aa300000] [id=7784]
  0x00000254529e7190 WorkerThread "GC Thread#3" [stack: 0x000000b7aa300000,0x000000b7aa400000] [id=3700]
  0x0000025432bb55f0 ConcurrentGCThread "G1 Main Marker" [stack: 0x000000b7a8f00000,0x000000b7a9000000] [id=9068]
  0x0000025432bb5fe0 WorkerThread "G1 Conc#0" [stack: 0x000000b7a9000000,0x000000b7a9100000] [id=8248]
  0x0000025432be4f70 ConcurrentGCThread "G1 Refine#0" [stack: 0x000000b7a9100000,0x000000b7a9200000] [id=8760]
  0x0000025432be5880 ConcurrentGCThread "G1 Service" [stack: 0x000000b7a9200000,0x000000b7a9300000] [id=13436]

Threads with active compile tasks:

VM state: not at safepoint (normal execution)

VM Mutex/Monitor currently owned by a thread:  ([mutex/lock_event])
[0x0000025432b66390] Metaspace_lock - owner thread: 0x0000025432b6c1e0

Heap address: 0x00000000c2c00000, size: 980 MB, Compressed Oops mode: 32-bit

CDS archive(s) mapped at: [0x0000000800000000-0x0000000800ba0000-0x0000000800ba0000), size 12189696, SharedBaseAddress: 0x0000000800000000, ArchiveRelocationMode: 0.
Compressed class space mapped at: 0x0000000800c00000-0x0000000840c00000, reserved size: 1073741824
Narrow klass base: 0x0000000800000000, Narrow klass shift: 0, Narrow klass range: 0x100000000

GC Precious Log:
 CardTable entry size: 512
 Card Set container configuration: InlinePtr #cards 5 size 8 Array Of Cards #cards 12 size 40 Howl #buckets 4 coarsen threshold 1843 Howl Bitmap #cards 512 size 80 coarsen threshold 460 Card regions per heap region 1 cards per card region 2048
 CPUs: 4 total, 4 available
 Memory: 3918M
 Large Page Support: Disabled
 NUMA Support: Disabled
 Compressed Oops: Enabled (32-bit)
 Heap Region Size: 1M
 Heap Min Capacity: 8M
 Heap Initial Capacity: 62M
 Heap Max Capacity: 980M
 Pre-touch: Disabled
 Parallel Workers: 4
 Concurrent Workers: 1
 Concurrent Refinement Workers: 4
 Periodic GC: Disabled

Heap:
 garbage-first heap   total 63488K, used 21217K [0x00000000c2c00000, 0x0000000100000000)
  region size 1024K, 17 young (17408K), 2 survivors (2048K)
 Metaspace       used 9878K, committed 10112K, reserved 1114112K
  class space    used 1030K, committed 1152K, reserved 1048576K

Heap Regions: E=young(eden), S=young(survivor), O=old, HS=humongous(starts), HC=humongous(continues), CS=collection set, F=free, OA=open archive, CA=closed archive, TAMS=top-at-mark-start (previous, next)
|   0|0x00000000c2c00000, 0x00000000c2d00000, 0x00000000c2d00000|100%| O|  |TAMS 0x00000000c2c00000, 0x00000000c2c00000| Untracked 
|   1|0x00000000c2d00000, 0x00000000c2e00000, 0x00000000c2e00000|100%| O|  |TAMS 0x00000000c2d00000, 0x00000000c2d00000| Untracked 
|   2|0x00000000c2e00000, 0x00000000c2f00000, 0x00000000c2f00000|100%| O|  |TAMS 0x00000000c2e00000, 0x00000000c2e00000| Untracked 
|   3|0x00000000c2f00000, 0x00000000c3000000, 0x00000000c3000000|100%| O|  |TAMS 0x00000000c2f00000, 0x00000000c2f00000| Untracked 
|   4|0x00000000c3000000, 0x00000000c3100000, 0x00000000c3100000|100%| O|  |TAMS 0x00000000c3000000, 0x00000000c3000000| Untracked 
|   5|0x00000000c3100000, 0x00000000c3200000, 0x00000000c3200000|100%| O|  |TAMS 0x00000000c3100000, 0x00000000c3100000| Untracked 
|   6|0x00000000c3200000, 0x00000000c3200000, 0x00000000c3300000|  0%| F|  |TAMS 0x00000000c3200000, 0x00000000c3200000| Untracked 
|   7|0x00000000c3300000, 0x00000000c3300000, 0x00000000c3400000|  0%| F|  |TAMS 0x00000000c3300000, 0x00000000c3300000| Untracked 
|   8|0x00000000c3400000, 0x00000000c3400000, 0x00000000c3500000|  0%| F|  |TAMS 0x00000000c3400000, 0x00000000c3400000| Untracked 
|   9|0x00000000c3500000, 0x00000000c3500000, 0x00000000c3600000|  0%| F|  |TAMS 0x00000000c3500000, 0x00000000c3500000| Untracked 
|  10|0x00000000c3600000, 0x00000000c3600000, 0x00000000c3700000|  0%| F|  |TAMS 0x00000000c3600000, 0x00000000c3600000| Untracked 
|  11|0x00000000c3700000, 0x00000000c3700000, 0x00000000c3800000|  0%| F|  |TAMS 0x00000000c3700000, 0x00000000c3700000| Untracked 
|  12|0x00000000c3800000, 0x00000000c3800000, 0x00000000c3900000|  0%| F|  |TAMS 0x00000000c3800000, 0x00000000c3800000| Untracked 
|  13|0x00000000c3900000, 0x00000000c3900000, 0x00000000c3a00000|  0%| F|  |TAMS 0x00000000c3900000, 0x00000000c3900000| Untracked 
|  14|0x00000000c3a00000, 0x00000000c3a00000, 0x00000000c3b00000|  0%| F|  |TAMS 0x00000000c3a00000, 0x00000000c3a00000| Untracked 
|  15|0x00000000c3b00000, 0x00000000c3b00000, 0x00000000c3c00000|  0%| F|  |TAMS 0x00000000c3b00000, 0x00000000c3b00000| Untracked 
|  16|0x00000000c3c00000, 0x00000000c3c00000, 0x00000000c3d00000|  0%| F|  |TAMS 0x00000000c3c00000, 0x00000000c3c00000| Untracked 
|  17|0x00000000c3d00000, 0x00000000c3d00000, 0x00000000c3e00000|  0%| F|  |TAMS 0x00000000c3d00000, 0x00000000c3d00000| Untracked 
|  18|0x00000000c3e00000, 0x00000000c3e00000, 0x00000000c3f00000|  0%| F|  |TAMS 0x00000000c3e00000, 0x00000000c3e00000| Untracked 
|  19|0x00000000c3f00000, 0x00000000c3f00000, 0x00000000c4000000|  0%| F|  |TAMS 0x00000000c3f00000, 0x00000000c3f00000| Untracked 
|  20|0x00000000c4000000, 0x00000000c4000000, 0x00000000c4100000|  0%| F|  |TAMS 0x00000000c4000000, 0x00000000c4000000| Untracked 
|  21|0x00000000c4100000, 0x00000000c4100000, 0x00000000c4200000|  0%| F|  |TAMS 0x00000000c4100000, 0x00000000c4100000| Untracked 
|  22|0x00000000c4200000, 0x00000000c4200000, 0x00000000c4300000|  0%| F|  |TAMS 0x00000000c4200000, 0x00000000c4200000| Untracked 
|  23|0x00000000c4300000, 0x00000000c4300000, 0x00000000c4400000|  0%| F|  |TAMS 0x00000000c4300000, 0x00000000c4300000| Untracked 
|  24|0x00000000c4400000, 0x00000000c4400000, 0x00000000c4500000|  0%| F|  |TAMS 0x00000000c4400000, 0x00000000c4400000| Untracked 
|  25|0x00000000c4500000, 0x00000000c4500000, 0x00000000c4600000|  0%| F|  |TAMS 0x00000000c4500000, 0x00000000c4500000| Untracked 
|  26|0x00000000c4600000, 0x00000000c4600000, 0x00000000c4700000|  0%| F|  |TAMS 0x00000000c4600000, 0x00000000c4600000| Untracked 
|  27|0x00000000c4700000, 0x00000000c4700000, 0x00000000c4800000|  0%| F|  |TAMS 0x00000000c4700000, 0x00000000c4700000| Untracked 
|  28|0x00000000c4800000, 0x00000000c4800000, 0x00000000c4900000|  0%| F|  |TAMS 0x00000000c4800000, 0x00000000c4800000| Untracked 
|  29|0x00000000c4900000, 0x00000000c4900000, 0x00000000c4a00000|  0%| F|  |TAMS 0x00000000c4900000, 0x00000000c4900000| Untracked 
|  30|0x00000000c4a00000, 0x00000000c4a00000, 0x00000000c4b00000|  0%| F|  |TAMS 0x00000000c4a00000, 0x00000000c4a00000| Untracked 
|  31|0x00000000c4b00000, 0x00000000c4b00000, 0x00000000c4c00000|  0%| F|  |TAMS 0x00000000c4b00000, 0x00000000c4b00000| Untracked 
|  32|0x00000000c4c00000, 0x00000000c4c00000, 0x00000000c4d00000|  0%| F|  |TAMS 0x00000000c4c00000, 0x00000000c4c00000| Untracked 
|  33|0x00000000c4d00000, 0x00000000c4d00000, 0x00000000c4e00000|  0%| F|  |TAMS 0x00000000c4d00000, 0x00000000c4d00000| Untracked 
|  34|0x00000000c4e00000, 0x00000000c4e00000, 0x00000000c4f00000|  0%| F|  |TAMS 0x00000000c4e00000, 0x00000000c4e00000| Untracked 
|  35|0x00000000c4f00000, 0x00000000c4f00000, 0x00000000c5000000|  0%| F|  |TAMS 0x00000000c4f00000, 0x00000000c4f00000| Untracked 
|  36|0x00000000c5000000, 0x00000000c5000000, 0x00000000c5100000|  0%| F|  |TAMS 0x00000000c5000000, 0x00000000c5000000| Untracked 
|  37|0x00000000c5100000, 0x00000000c5100000, 0x00000000c5200000|  0%| F|  |TAMS 0x00000000c5100000, 0x00000000c5100000| Untracked 
|  38|0x00000000c5200000, 0x00000000c5200000, 0x00000000c5300000|  0%| F|  |TAMS 0x00000000c5200000, 0x00000000c5200000| Untracked 
|  39|0x00000000c5300000, 0x00000000c5300000, 0x00000000c5400000|  0%| F|  |TAMS 0x00000000c5300000, 0x00000000c5300000| Untracked 
|  40|0x00000000c5400000, 0x00000000c5400000, 0x00000000c5500000|  0%| F|  |TAMS 0x00000000c5400000, 0x00000000c5400000| Untracked 
|  41|0x00000000c5500000, 0x00000000c5500000, 0x00000000c5600000|  0%| F|  |TAMS 0x00000000c5500000, 0x00000000c5500000| Untracked 
|  42|0x00000000c5600000, 0x00000000c5600000, 0x00000000c5700000|  0%| F|  |TAMS 0x00000000c5600000, 0x00000000c5600000| Untracked 
|  43|0x00000000c5700000, 0x00000000c5700000, 0x00000000c5800000|  0%| F|  |TAMS 0x00000000c5700000, 0x00000000c5700000| Untracked 
|  44|0x00000000c5800000, 0x00000000c5800000, 0x00000000c5900000|  0%| F|  |TAMS 0x00000000c5800000, 0x00000000c5800000| Untracked 
|  45|0x00000000c5900000, 0x00000000c5925ca8, 0x00000000c5a00000| 14%| E|  |TAMS 0x00000000c5900000, 0x00000000c5900000| Complete 
|  46|0x00000000c5a00000, 0x00000000c5af2510, 0x00000000c5b00000| 94%| E|  |TAMS 0x00000000c5a00000, 0x00000000c5a00000| Complete 
|  47|0x00000000c5b00000, 0x00000000c5c00000, 0x00000000c5c00000|100%| E|CS|TAMS 0x00000000c5b00000, 0x00000000c5b00000| Complete 
|  48|0x00000000c5c00000, 0x00000000c5d00000, 0x00000000c5d00000|100%| E|CS|TAMS 0x00000000c5c00000, 0x00000000c5c00000| Complete 
|  49|0x00000000c5d00000, 0x00000000c5e00000, 0x00000000c5e00000|100%| E|CS|TAMS 0x00000000c5d00000, 0x00000000c5d00000| Complete 
|  50|0x00000000c5e00000, 0x00000000c5f00000, 0x00000000c5f00000|100%| E|CS|TAMS 0x00000000c5e00000, 0x00000000c5e00000| Complete 
|  51|0x00000000c5f00000, 0x00000000c5fb8530, 0x00000000c6000000| 72%| S|CS|TAMS 0x00000000c5f00000, 0x00000000c5f00000| Complete 
|  52|0x00000000c6000000, 0x00000000c6100000, 0x00000000c6100000|100%| S|CS|TAMS 0x00000000c6000000, 0x00000000c6000000| Complete 
|  53|0x00000000c6100000, 0x00000000c6200000, 0x00000000c6200000|100%| E|CS|TAMS 0x00000000c6100000, 0x00000000c6100000| Complete 
|  54|0x00000000c6200000, 0x00000000c6300000, 0x00000000c6300000|100%| E|CS|TAMS 0x00000000c6200000, 0x00000000c6200000| Complete 
|  55|0x00000000c6300000, 0x00000000c6400000, 0x00000000c6400000|100%| E|CS|TAMS 0x00000000c6300000, 0x00000000c6300000| Complete 
|  56|0x00000000c6400000, 0x00000000c6500000, 0x00000000c6500000|100%| E|CS|TAMS 0x00000000c6400000, 0x00000000c6400000| Complete 
|  57|0x00000000c6500000, 0x00000000c6600000, 0x00000000c6600000|100%| E|CS|TAMS 0x00000000c6500000, 0x00000000c6500000| Complete 
|  58|0x00000000c6600000, 0x00000000c6700000, 0x00000000c6700000|100%| E|CS|TAMS 0x00000000c6600000, 0x00000000c6600000| Complete 
|  59|0x00000000c6700000, 0x00000000c6800000, 0x00000000c6800000|100%| E|CS|TAMS 0x00000000c6700000, 0x00000000c6700000| Complete 
|  60|0x00000000c6800000, 0x00000000c6900000, 0x00000000c6900000|100%| E|CS|TAMS 0x00000000c6800000, 0x00000000c6800000| Complete 
|  61|0x00000000c6900000, 0x00000000c6a00000, 0x00000000c6a00000|100%| E|CS|TAMS 0x00000000c6900000, 0x00000000c6900000| Complete 

Card table byte_map: [0x0000025449680000,0x0000025449870000] _byte_map_base: 0x000002544906a000

Marking Bits (Prev, Next): (CMBitMap*) 0x0000025432bad240, (CMBitMap*) 0x0000025432bad280
 Prev Bits: [0x0000025449a60000, 0x000002544a9b0000)
 Next Bits: [0x000002544a9b0000, 0x000002544b900000)

Polling page: 0x00000254308a0000

Metaspace:

Usage:
  Non-class:      8.64 MB used.
      Class:      1.01 MB used.
       Both:      9.65 MB used.

Virtual space:
  Non-class space:       64.00 MB reserved,       8.75 MB ( 14%) committed,  1 nodes.
      Class space:        1.00 GB reserved,       1.12 MB ( <1%) committed,  1 nodes.
             Both:        1.06 GB reserved,       9.88 MB ( <1%) committed. 

Chunk freelists:
   Non-Class:  2.92 MB
       Class:  2.80 MB
        Both:  5.72 MB

MaxMetaspaceSize: unlimited
CompressedClassSpaceSize: 1.00 GB
Initial GC threshold: 21.00 MB
Current GC threshold: 21.00 MB
CDS: on
MetaspaceReclaimPolicy: balanced
 - commit_granule_bytes: 65536.
 - commit_granule_words: 8192.
 - virtual_space_node_default_size: 8388608.
 - enlarge_chunks_in_place: 1.
 - new_chunks_are_fully_committed: 0.
 - uncommit_free_chunks: 1.
 - use_allocation_guard: 0.


Internal statistics:

num_allocs_failed_limit: 0.
num_arena_births: 172.
num_arena_deaths: 0.
num_vsnodes_births: 2.
num_vsnodes_deaths: 0.
num_space_committed: 158.
num_space_uncommitted: 0.
num_chunks_returned_to_freelist: 0.
num_chunks_taken_from_freelist: 399.
num_chunk_merges: 0.
num_chunk_splits: 262.
num_chunks_enlarged: 187.
num_inconsistent_stats: 0.

CodeHeap 'non-profiled nmethods': size=120000Kb used=566Kb max_used=566Kb free=119433Kb
 bounds [0x0000025441f60000, 0x00000254421d0000, 0x0000025449490000]
CodeHeap 'profiled nmethods': size=120000Kb used=2954Kb max_used=2954Kb free=117045Kb
 bounds [0x000002543aa30000, 0x000002543ad20000, 0x0000025441f60000]
CodeHeap 'non-nmethods': size=5760Kb used=1539Kb max_used=1557Kb free=4220Kb
 bounds [0x000002543a490000, 0x000002543a700000, 0x000002543aa30000]
 total_blobs=2186 nmethods=1604 adapters=495
 compilation: enabled
              stopped_count=0, restarted_count=0
 full_count=0

Compilation events (20 events):
Event: 3.483 Thread 0x000002544ddc1770 1595       3       groovy.lang.MetaClassImpl$1::methodNameAction (169 bytes)
Event: 3.485 Thread 0x000002544ddc1770 nmethod 1595 0x000002543ad0b690 code [0x000002543ad0b920, 0x000002543ad0ca08]
Event: 3.488 Thread 0x000002544ddc1770 1596   !   3       sun.reflect.annotation.AnnotationParser::parseAnnotations (37 bytes)
Event: 3.488 Thread 0x000002544ddc1770 nmethod 1596 0x000002543ad0ce10 code [0x000002543ad0d000, 0x000002543ad0d328]
Event: 3.489 Thread 0x000002544ddc1770 1597   !   3       com.sun.beans.TypeResolver::resolve (265 bytes)
Event: 3.491 Thread 0x000002544ddc1770 nmethod 1597 0x000002543ad0d490 code [0x000002543ad0d8c0, 0x000002543ad0fae8]
Event: 3.492 Thread 0x000002544ddc1770 1598       3       java.lang.reflect.Method::getExceptionTypes (11 bytes)
Event: 3.493 Thread 0x000002544ddc1770 nmethod 1598 0x000002543ad10310 code [0x000002543ad104c0, 0x000002543ad10788]
Event: 3.494 Thread 0x000002544ddc1770 1599       3       java.util.stream.ReferencePipeline::filter (22 bytes)
Event: 3.494 Thread 0x000002544ddc1770 nmethod 1599 0x000002543ad10890 code [0x000002543ad10a80, 0x000002543ad10f58]
Event: 3.494 Thread 0x000002544ddc1770 1600       3       java.util.stream.ReferencePipeline$2::opWrapSink (10 bytes)
Event: 3.495 Thread 0x000002544ddc1770 nmethod 1600 0x000002543ad11190 code [0x000002543ad11380, 0x000002543ad11948]
Event: 3.495 Thread 0x000002544ddc1770 1601       3       java.util.stream.ReferencePipeline$2$1::begin (13 bytes)
Event: 3.495 Thread 0x000002544ddc1770 nmethod 1601 0x000002543ad11b10 code [0x000002543ad11cc0, 0x000002543ad11ea8]
Event: 3.518 Thread 0x000002544ddc1770 1602       3       java.util.regex.Pattern::has (15 bytes)
Event: 3.518 Thread 0x000002544ddc1770 nmethod 1602 0x000002543ad11f90 code [0x000002543ad12120, 0x000002543ad12298]
Event: 3.521 Thread 0x000002544dd57130 1603       4       java.util.HashMap::putVal (300 bytes)
Event: 3.526 Thread 0x000002544ddc1770 1604       3       java.lang.Character$UnicodeBlock::<init> (17 bytes)
Event: 3.527 Thread 0x000002544ddc1770 nmethod 1604 0x000002543ad12310 code [0x000002543ad124e0, 0x000002543ad12978]
Event: 3.538 Thread 0x000002544dd57130 nmethod 1603 0x0000025441fec890 code [0x0000025441feca80, 0x0000025441fed320]

GC Heap History (4 events):
Event: 1.568 GC heap before
{Heap before GC invocations=0 (full 0):
 garbage-first heap   total 63488K, used 13312K [0x00000000c2c00000, 0x0000000100000000)
  region size 1024K, 13 young (13312K), 0 survivors (0K)
 Metaspace       used 1918K, committed 2112K, reserved 1114112K
  class space    used 175K, committed 256K, reserved 1048576K
}
Event: 1.594 GC heap after
{Heap after GC invocations=1 (full 0):
 garbage-first heap   total 63488K, used 6235K [0x00000000c2c00000, 0x0000000100000000)
  region size 1024K, 2 young (2048K), 2 survivors (2048K)
 Metaspace       used 1918K, committed 2112K, reserved 1114112K
  class space    used 175K, committed 256K, reserved 1048576K
}
Event: 2.679 GC heap before
{Heap before GC invocations=1 (full 0):
 garbage-first heap   total 63488K, used 15451K [0x00000000c2c00000, 0x0000000100000000)
  region size 1024K, 11 young (11264K), 2 survivors (2048K)
 Metaspace       used 6065K, committed 6336K, reserved 1114112K
  class space    used 646K, committed 768K, reserved 1048576K
}
Event: 2.688 GC heap after
{Heap after GC invocations=2 (full 0):
 garbage-first heap   total 63488K, used 7905K [0x00000000c2c00000, 0x0000000100000000)
  region size 1024K, 2 young (2048K), 2 survivors (2048K)
 Metaspace       used 6065K, committed 6336K, reserved 1114112K
  class space    used 646K, committed 768K, reserved 1048576K
}

Deoptimization events (20 events):
Event: 1.673 Thread 0x0000025432b6c1e0 Uncommon trap: trap_request=0xffffffde fr.pc=0x0000025441f9bd68 relative=0x0000000000000a48
Event: 1.673 Thread 0x0000025432b6c1e0 Uncommon trap: reason=class_check action=maybe_recompile pc=0x0000025441f9bd68 method=java.util.HashMap.putVal(ILjava/lang/Object;Ljava/lang/Object;ZZ)Ljava/lang/Object; @ 253 c2
Event: 1.673 Thread 0x0000025432b6c1e0 DEOPT PACKING pc=0x0000025441f9bd68 sp=0x000000b7a8dfec40
Event: 1.673 Thread 0x0000025432b6c1e0 DEOPT UNPACKING pc=0x000002543a4e239d sp=0x000000b7a8dfeb98 mode 2
Event: 1.940 Thread 0x0000025432b6c1e0 Uncommon trap: trap_request=0xffffff45 fr.pc=0x0000025441f95118 relative=0x0000000000001078
Event: 1.940 Thread 0x0000025432b6c1e0 Uncommon trap: reason=unstable_if action=reinterpret pc=0x0000025441f95118 method=java.io.WinNTFileSystem.normalize(Ljava/lang/String;)Ljava/lang/String; @ 40 c2
Event: 1.940 Thread 0x0000025432b6c1e0 DEOPT PACKING pc=0x0000025441f95118 sp=0x000000b7a8dfe030
Event: 1.940 Thread 0x0000025432b6c1e0 DEOPT UNPACKING pc=0x000002543a4e239d sp=0x000000b7a8dfe018 mode 2
Event: 1.961 Thread 0x0000025432b6c1e0 Uncommon trap: trap_request=0xffffff45 fr.pc=0x0000025441fa346c relative=0x00000000000010cc
Event: 1.961 Thread 0x0000025432b6c1e0 Uncommon trap: reason=unstable_if action=reinterpret pc=0x0000025441fa346c method=java.util.HashMap.putVal(ILjava/lang/Object;Ljava/lang/Object;ZZ)Ljava/lang/Object; @ 181 c2
Event: 1.961 Thread 0x0000025432b6c1e0 DEOPT PACKING pc=0x0000025441fa346c sp=0x000000b7a8dfe9f0
Event: 1.961 Thread 0x0000025432b6c1e0 DEOPT UNPACKING pc=0x000002543a4e239d sp=0x000000b7a8dfe948 mode 2
Event: 2.000 Thread 0x0000025432b6c1e0 Uncommon trap: trap_request=0xffffff45 fr.pc=0x0000025441f928d0 relative=0x0000000000000230
Event: 2.000 Thread 0x0000025432b6c1e0 Uncommon trap: reason=unstable_if action=reinterpret pc=0x0000025441f928d0 method=java.lang.String.startsWith(Ljava/lang/String;I)Z @ 1 c2
Event: 2.000 Thread 0x0000025432b6c1e0 DEOPT PACKING pc=0x0000025441f928d0 sp=0x000000b7a8dfcac0
Event: 2.000 Thread 0x0000025432b6c1e0 DEOPT UNPACKING pc=0x000002543a4e239d sp=0x000000b7a8dfca28 mode 2
Event: 3.304 Thread 0x0000025432b6c1e0 DEOPT PACKING pc=0x000002543ab2627d sp=0x000000b7a8df8940
Event: 3.304 Thread 0x0000025432b6c1e0 DEOPT UNPACKING pc=0x000002543a4e2b24 sp=0x000000b7a8df7dc8 mode 0
Event: 3.388 Thread 0x0000025432b6c1e0 DEOPT PACKING pc=0x000002543ab2627d sp=0x000000b7a8dfb500
Event: 3.388 Thread 0x0000025432b6c1e0 DEOPT UNPACKING pc=0x000002543a4e2b24 sp=0x000000b7a8dfa988 mode 0

Classes loaded (20 events):
Event: 3.433 Loading class java/util/concurrent/locks/ReadWriteLock done
Event: 3.433 Loading class java/util/concurrent/locks/ReentrantReadWriteLock done
Event: 3.446 Loading class java/util/EventObject
Event: 3.447 Loading class java/util/EventObject done
Event: 3.450 Loading class java/util/ServiceConfigurationError
Event: 3.450 Loading class java/util/ServiceConfigurationError done
Event: 3.450 Loading class java/util/concurrent/locks/ReentrantReadWriteLock$NonfairSync
Event: 3.450 Loading class java/util/concurrent/locks/ReentrantReadWriteLock$Sync
Event: 3.450 Loading class java/util/concurrent/locks/ReentrantReadWriteLock$Sync done
Event: 3.450 Loading class java/util/concurrent/locks/ReentrantReadWriteLock$NonfairSync done
Event: 3.450 Loading class java/util/concurrent/locks/ReentrantReadWriteLock$Sync$ThreadLocalHoldCounter
Event: 3.450 Loading class java/util/concurrent/locks/ReentrantReadWriteLock$Sync$ThreadLocalHoldCounter done
Event: 3.451 Loading class java/util/concurrent/locks/ReentrantReadWriteLock$ReadLock
Event: 3.451 Loading class java/util/concurrent/locks/ReentrantReadWriteLock$ReadLock done
Event: 3.451 Loading class java/util/concurrent/locks/ReentrantReadWriteLock$WriteLock
Event: 3.451 Loading class java/util/concurrent/locks/ReentrantReadWriteLock$WriteLock done
Event: 3.518 Loading class java/lang/Character$UnicodeBlock
Event: 3.520 Loading class java/lang/Character$Subset
Event: 3.520 Loading class java/lang/Character$Subset done
Event: 3.520 Loading class java/lang/Character$UnicodeBlock done

Classes unloaded (0 events):
No events

Classes redefined (0 events):
No events

Internal exceptions (20 events):
Event: 2.659 Thread 0x0000025432b6c1e0 Exception <a 'java/lang/NoSuchMethodError'{0x00000000c61b09f8}: 'void java.lang.invoke.DirectMethodHandle$Holder.invokeInterface(java.lang.Object, java.lang.Object)'> (0x00000000c61b09f8) 
thrown [s\open\src\hotspot\share\interpreter\linkResolver.cpp, line 759]
Event: 3.018 Thread 0x0000025432b6c1e0 Exception <a 'java/lang/NoSuchMethodError'{0x00000000c66a7d48}: 'java.lang.Object java.lang.invoke.DirectMethodHandle$Holder.invokeStaticInit(java.lang.Object)'> (0x00000000c66a7d48) 
thrown [s\open\src\hotspot\share\interpreter\linkResolver.cpp, line 759]
Event: 3.149 Thread 0x0000025432b6c1e0 Exception <a 'java/lang/NoSuchMethodError'{0x00000000c6225bb0}: 'void java.lang.invoke.DirectMethodHandle$Holder.invokeStaticInit(java.lang.Object, java.lang.Object, java.lang.Object)'> (0x00000000c6225bb0) 
thrown [s\open\src\hotspot\share\interpreter\linkResolver.cpp, line 759]
Event: 3.150 Thread 0x0000025432b6c1e0 Exception <a 'java/lang/NoSuchMethodError'{0x00000000c622c868}: 'void java.lang.invoke.DirectMethodHandle$Holder.invokeStaticInit(java.lang.Object, java.lang.Object, java.lang.Object, java.lang.Object)'> (0x00000000c622c868) 
thrown [s\open\src\hotspot\share\interpreter\linkResolver.cpp, line 759]
Event: 3.154 Thread 0x0000025432b6c1e0 Exception <a 'java/lang/NoSuchMethodError'{0x00000000c624e640}: 'void java.lang.invoke.DirectMethodHandle$Holder.invokeStaticInit(java.lang.Object, java.lang.Object, java.lang.Object, java.lang.Object, java.lang.Object)'> (0x00000000c624e640) 
thrown [s\open\src\hotspot\share\interpreter\linkResolver.cpp, line 759]
Event: 3.174 Thread 0x0000025432b6c1e0 Exception <a 'java/lang/NoSuchMethodError'{0x00000000c62a3b98}: 'java.lang.reflect.Method[] java.lang.Class.getDeclaredMethods(java.lang.Class)'> (0x00000000c62a3b98) 
thrown [s\open\src\hotspot\share\interpreter\linkResolver.cpp, line 759]
Event: 3.175 Thread 0x0000025432b6c1e0 Exception <a 'java/lang/NoSuchMethodError'{0x00000000c62a8680}: 'java.lang.Object java.lang.invoke.DirectMethodHandle$Holder.invokeStatic(java.lang.Object, java.lang.Object, int)'> (0x00000000c62a8680) 
thrown [s\open\src\hotspot\share\interpreter\linkResolver.cpp, line 759]
Event: 3.177 Thread 0x0000025432b6c1e0 Exception <a 'java/lang/NoSuchMethodError'{0x00000000c62b41b0}: 'void java.lang.invoke.DelegatingMethodHandle$Holder.delegate(java.lang.Object, java.lang.Object, int, java.lang.Object)'> (0x00000000c62b41b0) 
thrown [s\open\src\hotspot\share\interpreter\linkResolver.cpp, line 759]
Event: 3.199 Thread 0x0000025432b6c1e0 Exception <a 'java/lang/NoSuchMethodError'{0x00000000c611ad50}: 'int java.lang.invoke.DirectMethodHandle$Holder.invokeStaticInit(java.lang.Object, java.lang.Object, java.lang.Object, java.lang.Object)'> (0x00000000c611ad50) 
thrown [s\open\src\hotspot\share\interpreter\linkResolver.cpp, line 759]
Event: 3.201 Thread 0x0000025432b6c1e0 Exception <a 'java/lang/NoSuchMethodError'{0x00000000c61269f8}: 'void java.lang.invoke.DirectMethodHandle$Holder.invokeStaticInit(java.lang.Object, java.lang.Object)'> (0x00000000c61269f8) 
thrown [s\open\src\hotspot\share\interpreter\linkResolver.cpp, line 759]
Event: 3.209 Thread 0x0000025432b6c1e0 Exception <a 'java/lang/NoSuchMethodError'{0x00000000c61512b0}: 'java.lang.Class[] java.lang.Class.getPermittedSubclasses(java.lang.Class)'> (0x00000000c61512b0) 
thrown [s\open\src\hotspot\share\interpreter\linkResolver.cpp, line 759]
Event: 3.389 Thread 0x0000025432b6c1e0 Exception <a 'java/lang/ClassNotFoundException'{0x00000000c5c7efb8}: groovy/lang/ExpandoMetaClassBeanInfo> (0x00000000c5c7efb8) 
thrown [s\open\src\hotspot\share\classfile\systemDictionary.cpp, line 255]
Event: 3.390 Thread 0x0000025432b6c1e0 Exception <a 'java/lang/ClassNotFoundException'{0x00000000c5c82b20}: groovy/lang/MetaClassImplBeanInfo> (0x00000000c5c82b20) 
thrown [s\open\src\hotspot\share\classfile\systemDictionary.cpp, line 255]
Event: 3.390 Thread 0x0000025432b6c1e0 Exception <a 'java/lang/ClassNotFoundException'{0x00000000c5c837e8}: java/lang/ObjectBeanInfo> (0x00000000c5c837e8) 
thrown [s\open\src\hotspot\share\classfile\systemDictionary.cpp, line 255]
Event: 3.391 Thread 0x0000025432b6c1e0 Exception <a 'java/lang/ClassNotFoundException'{0x00000000c5c84b60}: java/lang/ObjectCustomizer> (0x00000000c5c84b60) 
thrown [s\open\src\hotspot\share\classfile\systemDictionary.cpp, line 255]
Event: 3.399 Thread 0x0000025432b6c1e0 Exception <a 'java/lang/IncompatibleClassChangeError'{0x00000000c5c89f68}: Found class java.lang.Object, but interface was expected> (0x00000000c5c89f68) 
thrown [s\open\src\hotspot\share\interpreter\linkResolver.cpp, line 826]
Event: 3.406 Thread 0x0000025432b6c1e0 Exception <a 'java/lang/ClassNotFoundException'{0x00000000c5c980e0}: groovy/lang/MetaClassImplCustomizer> (0x00000000c5c980e0) 
thrown [s\open\src\hotspot\share\classfile\systemDictionary.cpp, line 255]
Event: 3.420 Thread 0x0000025432b6c1e0 Exception <a 'java/lang/ClassNotFoundException'{0x00000000c5cba010}: groovy/lang/ExpandoMetaClassCustomizer> (0x00000000c5cba010) 
thrown [s\open\src\hotspot\share\classfile\systemDictionary.cpp, line 255]
Event: 3.487 Thread 0x0000025432b6c1e0 Exception <a 'java/lang/ClassNotFoundException'{0x00000000c5bd1c68}: io/restassured/authentication/NoAuthSchemeBeanInfo> (0x00000000c5bd1c68) 
thrown [s\open\src\hotspot\share\classfile\systemDictionary.cpp, line 255]
Event: 3.487 Thread 0x0000025432b6c1e0 Exception <a 'java/lang/ClassNotFoundException'{0x00000000c5bd5e50}: io/restassured/authentication/NoAuthSchemeCustomizer> (0x00000000c5bd5e50) 
thrown [s\open\src\hotspot\share\classfile\systemDictionary.cpp, line 255]

VM Operations (20 events):
Event: 1.940 Executing VM operation: HandshakeAllThreads
Event: 1.940 Executing VM operation: HandshakeAllThreads done
Event: 1.940 Executing VM operation: HandshakeAllThreads
Event: 1.940 Executing VM operation: HandshakeAllThreads done
Event: 1.975 Executing VM operation: HandshakeAllThreads
Event: 1.975 Executing VM operation: HandshakeAllThreads done
Event: 1.998 Executing VM operation: HandshakeAllThreads
Event: 1.998 Executing VM operation: HandshakeAllThreads done
Event: 2.133 Executing VM operation: HandshakeAllThreads
Event: 2.133 Executing VM operation: HandshakeAllThreads done
Event: 2.133 Executing VM operation: HandshakeAllThreads
Event: 2.133 Executing VM operation: HandshakeAllThreads done
Event: 2.423 Executing VM operation: HandshakeAllThreads
Event: 2.423 Executing VM operation: HandshakeAllThreads done
Event: 2.679 Executing VM operation: G1CollectForAllocation
Event: 2.688 Executing VM operation: G1CollectForAllocation done
Event: 2.734 Executing VM operation: HandshakeAllThreads
Event: 2.734 Executing VM operation: HandshakeAllThreads done
Event: 2.872 Executing VM operation: HandshakeAllThreads
Event: 2.872 Executing VM operation: HandshakeAllThreads done

Events (20 events):
Event: 0.056 Thread 0x0000025432c0b1c0 Thread added: 0x0000025432c0b1c0
Event: 0.057 Thread 0x0000025432c0be20 Thread added: 0x0000025432c0be20
Event: 0.083 Thread 0x000002544dd53b30 Thread added: 0x000002544dd53b30
Event: 0.084 Thread 0x000002544dd553f0 Thread added: 0x000002544dd553f0
Event: 0.084 Thread 0x000002544dd55ca0 Thread added: 0x000002544dd55ca0
Event: 0.084 Thread 0x000002544dd56550 Thread added: 0x000002544dd56550
Event: 0.084 Thread 0x000002544dd57130 Thread added: 0x000002544dd57130
Event: 0.087 Thread 0x000002544ddc1770 Thread added: 0x000002544ddc1770
Event: 0.090 Thread 0x000002544dddbc50 Thread added: 0x000002544dddbc50
Event: 0.501 Thread 0x0000025432bf5230 Thread added: 0x0000025432bf5230
Event: 0.595 Loaded shared library C:\Users\Miller\.jdks\openjdk-18.0.2\bin\zip.dll
Event: 0.602 Loaded shared library C:\Users\Miller\.jdks\openjdk-18.0.2\bin\instrument.dll
Event: 0.614 Loaded shared library C:\Users\Miller\.jdks\openjdk-18.0.2\bin\net.dll
Event: 0.618 Loaded shared library C:\Users\Miller\.jdks\openjdk-18.0.2\bin\nio.dll
Event: 0.625 Loaded shared library C:\Users\Miller\.jdks\openjdk-18.0.2\bin\zip.dll
Event: 0.645 Loaded shared library E:\IntelliJ IDEA 2021.3\bin\breakgen64.dll
Event: 0.647 Thread 0x00000254521d7f70 Thread added: 0x00000254521d7f70
Event: 0.647 Thread 0x00000254521e49e0 Thread added: 0x00000254521e49e0
Event: 1.102 Loaded shared library C:\Users\Miller\.jdks\openjdk-18.0.2\bin\jimage.dll
Event: 2.773 Loaded shared library C:\Users\Miller\.jdks\openjdk-18.0.2\bin\verify.dll


Dynamic libraries:
0x00007ff6a8140000 - 0x00007ff6a814e000 	C:\Users\Miller\.jdks\openjdk-18.0.2\bin\java.exe
0x00007ffdef5d0000 - 0x00007ffdef7c8000 	C:\Windows\SYSTEM32\ntdll.dll
0x00007ffdee000000 - 0x00007ffdee0bd000 	C:\Windows\System32\KERNEL32.DLL
0x00007ffdecce0000 - 0x00007ffdecfb2000 	C:\Windows\System32\KERNELBASE.dll
0x00007ffded0c0000 - 0x00007ffded1c0000 	C:\Windows\System32\ucrtbase.dll
0x00007ffdd42e0000 - 0x00007ffdd42fa000 	C:\Users\Miller\.jdks\openjdk-18.0.2\bin\VCRUNTIME140.dll
0x00007ffdd02c0000 - 0x00007ffdd02d7000 	C:\Users\Miller\.jdks\openjdk-18.0.2\bin\jli.dll
0x00007ffdee100000 - 0x00007ffdee29d000 	C:\Windows\System32\USER32.dll
0x00007ffdecfc0000 - 0x00007ffdecfe2000 	C:\Windows\System32\win32u.dll
0x00007ffdee0d0000 - 0x00007ffdee0fb000 	C:\Windows\System32\GDI32.dll
0x00007ffded520000 - 0x00007ffded62f000 	C:\Windows\System32\gdi32full.dll
0x00007ffdd53b0000 - 0x00007ffdd564a000 	C:\Windows\WinSxS\amd64_microsoft.windows.common-controls_6595b64144ccf1df_6.0.19041.1110_none_60b5254171f9507e\COMCTL32.dll
0x00007ffdecff0000 - 0x00007ffded08d000 	C:\Windows\System32\msvcp_win.dll
0x00007ffdedc80000 - 0x00007ffdedd1e000 	C:\Windows\System32\msvcrt.dll
0x00007ffdeddd0000 - 0x00007ffdede00000 	C:\Windows\System32\IMM32.DLL
0x00007ffde7dd0000 - 0x00007ffde7ddc000 	C:\Users\Miller\.jdks\openjdk-18.0.2\bin\vcruntime140_1.dll
0x00007ffdbd9c0000 - 0x00007ffdbda4d000 	C:\Users\Miller\.jdks\openjdk-18.0.2\bin\msvcp140.dll
0x00007ffd8f530000 - 0x00007ffd90141000 	C:\Users\Miller\.jdks\openjdk-18.0.2\bin\server\jvm.dll
0x00007ffdedd20000 - 0x00007ffdeddce000 	C:\Windows\System32\ADVAPI32.dll
0x00007ffded690000 - 0x00007ffded72c000 	C:\Windows\System32\sechost.dll
0x00007ffdeea70000 - 0x00007ffdeeb95000 	C:\Windows\System32\RPCRT4.dll
0x00007ffdee0c0000 - 0x00007ffdee0c8000 	C:\Windows\System32\PSAPI.DLL
0x00007ffdc3830000 - 0x00007ffdc3839000 	C:\Windows\SYSTEM32\WSOCK32.dll
0x00007ffdd6b10000 - 0x00007ffdd6b37000 	C:\Windows\SYSTEM32\WINMM.dll
0x00007ffdee950000 - 0x00007ffdee9bb000 	C:\Windows\System32\WS2_32.dll
0x00007ffde6490000 - 0x00007ffde649a000 	C:\Windows\SYSTEM32\VERSION.dll
0x00007ffdeb4f0000 - 0x00007ffdeb502000 	C:\Windows\SYSTEM32\kernel.appcore.dll
0x00007ffde6c30000 - 0x00007ffde6c3a000 	C:\Users\Miller\.jdks\openjdk-18.0.2\bin\jimage.dll
0x00007ffdea8f0000 - 0x00007ffdeaad4000 	C:\Windows\SYSTEM32\DBGHELP.DLL
0x00007ffde2f90000 - 0x00007ffde2fbc000 	C:\Windows\SYSTEM32\dbgcore.DLL
0x00007ffded370000 - 0x00007ffded3f2000 	C:\Windows\System32\bcryptPrimitives.dll
0x00007ffde1430000 - 0x00007ffde143e000 	C:\Users\Miller\.jdks\openjdk-18.0.2\bin\instrument.dll
0x00007ffdc6870000 - 0x00007ffdc6895000 	C:\Users\Miller\.jdks\openjdk-18.0.2\bin\java.dll
0x00007ffdb6b20000 - 0x00007ffdb6bf6000 	C:\Users\Miller\.jdks\openjdk-18.0.2\bin\jsvml.dll
0x00007ffdeee40000 - 0x00007ffdef583000 	C:\Windows\System32\SHELL32.dll
0x00007ffdead40000 - 0x00007ffdeb4d1000 	C:\Windows\SYSTEM32\windows.storage.dll
0x00007ffded840000 - 0x00007ffdedb94000 	C:\Windows\System32\combase.dll
0x00007ffdec660000 - 0x00007ffdec690000 	C:\Windows\SYSTEM32\Wldp.dll
0x00007ffdee9c0000 - 0x00007ffdeea6d000 	C:\Windows\System32\SHCORE.dll
0x00007ffded7e0000 - 0x00007ffded835000 	C:\Windows\System32\shlwapi.dll
0x00007ffdecc20000 - 0x00007ffdecc3f000 	C:\Windows\SYSTEM32\profapi.dll
0x00007ffdc1fc0000 - 0x00007ffdc1fd8000 	C:\Users\Miller\.jdks\openjdk-18.0.2\bin\zip.dll
0x00007ffdc6810000 - 0x00007ffdc6823000 	C:\Users\Miller\.jdks\openjdk-18.0.2\bin\net.dll
0x00007ffde5a50000 - 0x00007ffde5b5d000 	C:\Windows\SYSTEM32\WINHTTP.dll
0x00007ffdec440000 - 0x00007ffdec4aa000 	C:\Windows\system32\mswsock.dll
0x00007ffdc1fe0000 - 0x00007ffdc1ff6000 	C:\Users\Miller\.jdks\openjdk-18.0.2\bin\nio.dll
0x00007ffdcc110000 - 0x00007ffdcc12a000 	E:\IntelliJ IDEA 2021.3\bin\breakgen64.dll
0x00007ffdec6a0000 - 0x00007ffdec6b8000 	C:\Windows\SYSTEM32\CRYPTSP.dll
0x00007ffdebd10000 - 0x00007ffdebd44000 	C:\Windows\system32\rsaenh.dll
0x00007ffded090000 - 0x00007ffded0b7000 	C:\Windows\System32\bcrypt.dll
0x00007ffdecbe0000 - 0x00007ffdecc0e000 	C:\Windows\SYSTEM32\USERENV.dll
0x00007ffdec5d0000 - 0x00007ffdec5dc000 	C:\Windows\SYSTEM32\CRYPTBASE.dll
0x00007ffdec100000 - 0x00007ffdec13b000 	C:\Windows\SYSTEM32\IPHLPAPI.DLL
0x00007ffdede70000 - 0x00007ffdede78000 	C:\Windows\System32\NSI.dll
0x00007ffde6060000 - 0x00007ffde6077000 	C:\Windows\SYSTEM32\dhcpcsvc6.DLL
0x00007ffde6040000 - 0x00007ffde605d000 	C:\Windows\SYSTEM32\dhcpcsvc.DLL
0x00007ffdec150000 - 0x00007ffdec21a000 	C:\Windows\SYSTEM32\DNSAPI.dll
0x00007ffdc6800000 - 0x00007ffdc6810000 	C:\Users\Miller\.jdks\openjdk-18.0.2\bin\verify.dll

dbghelp: loaded successfully - version: 4.0.5 - missing functions: none
symbol engine: initialized successfully - sym options: 0x614 - pdb path: .;C:\Users\Miller\.jdks\openjdk-18.0.2\bin;C:\Windows\SYSTEM32;C:\Windows\WinSxS\amd64_microsoft.windows.common-controls_6595b64144ccf1df_6.0.19041.1110_none_60b5254171f9507e;C:\Users\Miller\.jdks\openjdk-18.0.2\bin\server;E:\IntelliJ IDEA 2021.3\bin

VM Arguments:
jvm_args: -ea -Didea.test.cyclic.buffer.size=1048576 -javaagent:E:\IntelliJ IDEA 2021.3\lib\idea_rt.jar=59987:E:\IntelliJ IDEA 2021.3\bin -Dfile.encoding=UTF-8 
java_command: com.intellij.rt.testng.RemoteTestNGStarter -usedefaultlisteners false -socket59986 @w@C:\Users\Miller\AppData\Local\Temp\idea_working_dirs_testng.tmp -temp C:\Users\Miller\AppData\Local\Temp\idea_testng.tmp
java_class_path (initial): E:\IntelliJ IDEA 2021.3\lib\idea_rt.jar;E:\IntelliJ IDEA 2021.3\plugins\testng\lib\testng-rt.jar;S:\AutomationQA\target\test-classes;S:\AutomationQA\target\classes;C:\Users\Miller\.m2\repository\io\github\qsy7\java\modules\browser\drivers\firefoxdriver\0.1.2\firefoxdriver-0.1.2.jar;C:\Users\Miller\.m2\repository\org\seleniumhq\selenium\selenium-firefox-driver\4.0.0\selenium-firefox-driver-4.0.0.jar;C:\Users\Miller\.m2\repository\com\google\auto\service\auto-service-annotations\1.0\auto-service-annotations-1.0.jar;C:\Users\Miller\.m2\repository\com\google\auto\service\auto-service\1.0\auto-service-1.0.jar;C:\Users\Miller\.m2\repository\com\google\auto\auto-common\1.0\auto-common-1.0.jar;C:\Users\Miller\.m2\repository\com\google\guava\guava\31.0.1-jre\guava-31.0.1-jre.jar;C:\Users\Miller\.m2\repository\com\google\guava\failureaccess\1.0.1\failureaccess-1.0.1.jar;C:\Users\Miller\.m2\repository\com\google\guava\listenablefuture\9999.0-empty-to-avoid-conflict-with-guava\listenablefuture-9999.0-empty-to-avoid-conflict-with-guava.jar;C:\Users\Miller\.m2\repository\com\google\code\findbugs\jsr305\3.0.2\jsr305-3.0.2.jar;C:\Users\Miller\.m2\repository\org\checkerframework\checker-qual\3.12.0\checker-qual-3.12.0.jar;C:\Users\Miller\.m2\repository\com\google\errorprone\error_prone_annotations\2.7.1\error_prone_annotations-2.7.1.jar;C:\Users\Miller\.m2\repository\com\google\j2objc\j2objc-annotations\1.3\j2objc-annotations-1.3.jar;C:\Users\Miller\.m2\repository\org\seleniumhq\selenium\selenium-devtools-v85\4.0.0\selenium-devtools-v85-4.0.0.jar;C:\Users\Miller\.m2\repository\org\seleniumhq\selenium\selenium-json\4.0.0\selenium-json-4.0.0.jar;C:\Users\Miller\.m2\repository\org\seleniumhq\selenium\selenium-remote-driver\4.0.0\selenium-remote-driver-4.0.0.jar;C:\Users\Miller\.m2\repository\io\netty\netty-buffer\4.1.68.Final\netty-buffer-4.1.68.Final.jar;C:\Users\Miller\.m2\repository\io\netty\netty-codec-http\4.1.67.Final\netty-codec-http-4.1.67.Final.jar;C:\Users\Miller\.m2\repository\io\netty\netty-codec\4.1.67.Final\netty-codec-4.1.67.Final.jar;C:\Users\Miller\.m2\repository\io\netty\netty-handler\4.1.67.Final\netty-handler-4.1.67.Final.jar;C:\Users\Miller\.m2\repository\io\netty\netty-common\4.1.68.Final\netty-common-4.1.68.Final.jar;C:\Users\Miller\.m2\repository\io\netty\netty-transport-native-epoll\4.1.67.Final\netty-transport-native-epoll-4.1.67.Final.jar;C:\Users\Miller\.m2\repository\io\netty\netty-transport-native-kqueue\4.1.67.Final\netty-transport-native-kqueue-4.1.67.Final.jar;C:\Users\Miller\.m2\repository\io\netty\netty-transport-native-unix-common\4.1.67.Final\netty-transport-native-unix-common-4.1.67.Final.jar;C:\Users\Miller\.m2\repository\io\netty\netty-transport\4.1.68.Final\netty-transport-4.1.68.Final.jar;C:\Users\Miller\.m2\repository\io\netty\netty-resolver\4.1.68.Final\netty-resolver-4.1.68.Final.jar;C:\Users\Miller\.m2\repository\io\opentelemetry\opentelemetry-api\1.6.0\opentelemetry-api-1.6.0.jar;C:\Users\Miller\.m2\repository\io\opentelemetry\opentelemetry-context\1.6.0\opentelemetry-context-1.6.0.jar;C:\Users\Miller\.m2\repository\io\opentelemetry\opentelemetry-exporter-logging\1.6.0\opentelemetry-exporter-logging-1.6.0.jar;C:\Users\Miller\.m2\repository\io\opentelemetry\opentelemetry-sdk-metrics\1.6.0-alpha\opentelemetry-sdk-metrics-1.6.0-alpha.jar;C:\Users\Miller\.m2\repository\io\opentelemetry\opentelemetry-sdk-common\1.6.0\opentelemetry-sdk-common-1.6.0.jar;C:\Users\Miller\.m2\repository\io\opentelemetry\opentelemetry-sdk-extension-autoconfigure-spi\1.6.0\opentelemetry-sdk-extension-autoconfigure-spi-1.6.0.jar;C:\Users\Miller\.m2\repository\io\opentelemetry\opentelemetry-sdk-extension-autoconfigure\1.6.0-alpha\opentelemetry-sdk-extension-autoconfigure-1.6.0-alpha.jar;C:\Users\Miller\.m2\repository\io\opentelemetry\opentelemetry-sdk-trace\1.6.0\opentelemetry-sdk-trace-1.6.0.jar;C:\Users\Miller\.m2\repository\io\opentelemetry\opentelemetry-api-metrics\1.6.0-alpha\opentelemetry-api-metrics-1.6.0-alpha.jar;C:\Users\Miller\.m2\repository\io\opentelemetry\opentelemetry-sdk\1.6.0\opentelemetry-sdk-1.6.0.jar;C:\Users\Miller\.m2\repository\io\opentelemetry\opentelemetry-semconv\1.6.0-alpha\opentelemetry-semconv-1.6.0-alpha.jar;C:\Users\Miller\.m2\repository\io\ous\jtoml\2.0.0\jtoml-2.0.0.jar;C:\Users\Miller\.m2\repository\net\bytebuddy\byte-buddy\1.11.19\byte-buddy-1.11.19.jar;C:\Users\Miller\.m2\repository\org\apache\commons\commons-exec\1.3\commons-exec-1.3.jar;C:\Users\Miller\.m2\repository\org\asynchttpclient\async-http-client\2.12.3\async-http-client-2.12.3.jar;C:\Users\Miller\.m2\repository\org\asynchttpclient\async-http-client-netty-utils\2.12.3\async-http-client-netty-utils-2.12.3.jar;C:\Users\Miller\.m2\repository\io\netty\netty-codec-socks\4.1.60.Final\netty-codec-socks-4.1.60.Final.jar;C:\Users\Miller\.m2\repository\io\netty\netty-handler-proxy\4.1.60.Final\netty-handler-proxy-4.1.60.Final.jar;C:\Users\Miller\.m2\repository\io\netty\netty-transport-native-epoll\4.1.60.Final\netty-transport-native-epoll-4.1.60.Final-linux-x86_64.jar;C:\Users\Miller\.m2\repository\io\netty\netty-transport-native-kqueue\4.1.60.Final\netty-transport-native-kqueue-4.1.60.Final-osx-x86_64.jar;C:\Users\Miller\.m2\repository\org\reactivestreams\reactive-streams\1.0.3\reactive-streams-1.0.3.jar;C:\Users\Miller\.m2\repository\com\typesafe\netty\netty-reactive-streams\2.0.4\netty-reactive-streams-2.0.4.jar;C:\Users\Miller\.m2\repository\com\sun\activation\jakarta.activation\1.2.2\jakarta.activation-1.2.2.jar;C:\Users\Miller\.m2\repository\org\seleniumhq\selenium\selenium-http\4.0.0\selenium-http-4.0.0.jar;C:\Users\Miller\.m2\repository\io\github\qsy7\java\modules\browser\api\service\0.1.2\service-0.1.2.jar;C:\Users\Miller\.m2\repository\io\github\qsy7\java\modules\browser\api\model\0.1.2\model-0.1.2.jar;C:\Users\Miller\.m2\repository\io\github\qsy7\java\infrastructure\property\api\0.1.2\api-0.1.2.jar;C:\Users\Miller\.m2\repository\org\reflections\reflections\0.10.2\reflections-0.10.2.jar;C:\Users\Miller\.m2\repository\org\javassist\javassist\3.28.0-GA\javassist-3.28.0-GA.jar;C:\Users\Miller\.m2\repository\org\dom4j\dom4j\2.1.3\dom4j-2.1.3.jar;C:\Users\Miller\.m2\repository\io\github\qsy7\java\modules\identity\api\model\0.1.2\model-0.1.2.jar;C:\Users\Miller\.m2\repository\io\github\qsy7\java\modules\person\api\model\0.1.2\model-0.1.2.jar;C:\Users\Miller\.m2\repository\org\passay\passay\1.6.1\passay-1.6.1.jar;C:\Users\Miller\.m2\repository\io\github\qsy7\java\modules\serialization\api\service\0.1.2\service-0.1.2.jar;C:\Users\Miller\.m2\repository\io\github\qsy7\java\modules\serialization\api\model\0.1.2\model-0.1.2.jar;C:\Users\Miller\.m2\repository\io\github\qsy7\java\modules\keep-alive\0.1.2\keep-alive-0.1.2.jar;C:\Users\Miller\.m2\repository\io\github\qsy7\java\modules\file\modules\resources\0.1.2\resources-0.1.2.jar;C:\Users\Miller\.m2\repository\io\github\qsy7\java\infrastructure\inject\modules\cli\api\0.1.2\api-0.1.2.jar;C:\Users\Miller\.m2\repository\io\github\qsy7\java\aspects\closeable\0.1.2\closeable-0.1.2.jar;C:\Users\Miller\.m2\repository\net\bytebuddy\byte-buddy-agent\1.12.0\byte-buddy-agent-1.12.0.jar;C:\Users\Miller\.m2\repository\io\github\qsy7\java\infrastructure\datastore\api\repository\0.1.2\repository-0.1.2.jar;C:\Users\Miller\.m2\repository\io\github\qsy7\java\infrastructure\datastore\api\model\0.1.2\model-0.1.2.jar;C:\Users\Miller\.m2\repository\javax\persistence\javax.persistence-api\2.2\javax.persistence-api-2.2.jar;C:\Users\Miller\.m2\repository\javax\xml\bind\jaxb-api\2.4.0-b180830.0359\jaxb-api-2.4.0-b180830.0359.jar;C:\Users\Miller\.m2\repository\javax\activation\javax.activation-api\1.2.0\javax.activation-api-1.2.0.jar;C:\Users\Miller\.m2\repository\com\sun\xml\bind\jaxb-core\3.0.2\jaxb-core-3.0.2.jar;C:\Users\Miller\.m2\repository\jakarta\xml\bind\jakarta.xml.bind-api\3.0.1\jakarta.xml.bind-api-3.0.1.jar;C:\Users\Miller\.m2\repository\com\sun\xml\bind\jaxb-impl\3.0.2\jaxb-impl-3.0.2.jar;C:\Users\Miller\.m2\repository\javax\transaction\javax.transaction-api\1.3\javax.transaction-api-1.3.jar;C:\Users\Miller\.m2\repository\org\seleniumhq\selenium\selenium-support\4.0.0\selenium-support-4.0.0.jar;C:\Users\Miller\.m2\repository\org\seleniumhq\selenium\selenium-api\4.0.0\selenium-api-4.0.0.jar;C:\Users\Miller\.m2\repository\org\seleniumhq\selenium\selenium-java\4.0.0\selenium-java-4.0.0.jar;C:\Users\Miller\.m2\repository\org\seleniumhq\selenium\selenium-devtools-v93\4.0.0\selenium-devtools-v93-4.0.0.jar;C:\Users\Miller\.m2\repository\org\seleniumhq\selenium\selenium-devtools-v94\4.0.0\selenium-devtools-v94-4.0.0.jar;C:\Users\Miller\.m2\repository\org\seleniumhq\selenium\selenium-devtools-v95\4.0.0\selenium-devtools-v95-4.0.0.jar;C:\Users\Miller\.m2\repository\org\seleniumhq\selenium\selenium-edge-driver\4.0.0\selenium-edge-driver-4.0.0.jar;C:\Users\Miller\.m2\repository\org\seleniumhq\selenium\selenium-firefox-xpi-driver\4.0.0\selenium-firefox-xpi-driver-4.0.0.jar;C:\Users\Miller\.m2\repository\org\seleniumhq\selenium\selenium-ie-driver\4.0.0\selenium-ie-driver-4.0.0.jar;C:\Users\Miller\.m2\repository\org\seleniumhq\selenium\selenium-opera-driver\4.0.0\selenium-opera-driver-4.0.0.jar;C:\Users\Miller\.m2\repository\org\seleniumhq\selenium\selenium-safari-driver\4.0.0\selenium-safari-driver-4.0.0.jar;C:\Users\Miller\.m2\repository\io\github\qsy7\java\modules\browser\impl\0.1.2\impl-0.1.2.jar;C:\Users\Miller\.m2\repository\io\github\qsy7\java\modules\file\api\service\0.1.2\service-0.1.2.jar;C:\Users\Miller\.m2\repository\io\github\qsy7\java\modules\file\api\model\0.1.2\model-0.1.2.jar;C:\Users\Miller\.m2\repository\io\github\qsy7\java\modules\file\impl\0.1.2\impl-0.1.2.jar;C:\Users\Miller\.m2\repository\io\github\qsy7\java\modules\compression\api\service\0.1.2\service-0.1.2.jar;C:\Users\Miller\.m2\repository\io\github\qsy7\java\modules\compression\api\model\0.1.2\model-0.1.2.jar;C:\Users\Miller\.m2\repository\org\tukaani\xz\1.9\xz-1.9.jar;C:\Users\Miller\.m2\repository\io\github\qsy7\java\modules\compression\modules\xz\impl\0.1.2\impl-0.1.2.jar;C:\Users\Miller\.m2\repository\io\github\qsy7\java\modules\encryption\api\0.1.2\api-0.1.2.jar;C:\Users\Miller\.m2\repository\io\github\qsy7\java\modules\encryption\impl\0.1.2\impl-0.1.2.jar;C:\Users\Miller\.m2\repository\org\apache\commons\commons-text\1.9\commons-text-1.9.jar;C:\Users\Miller\.m2\repository\org\apache\commons\commons-crypto\1.1.0\commons-crypto-1.1.0.jar;C:\Users\Miller\.m2\repository\io\github\qsy7\java\infrastructure\inject\core\0.1.2\core-0.1.2.jar;C:\Users\Miller\.m2\repository\javax\inject\javax.inject\1\javax.inject-1.jar;C:\Users\Miller\.m2\repository\io\github\qsy7\java\infrastructure\property\impl\0.1.2\impl-0.1.2.jar;C:\Users\Miller\.m2\repository\io\github\qsy7\java\aspects\logging\api\0.1.2\api-0.1.2.jar;C:\Users\Miller\.m2\repository\javax\enterprise\cdi-api\2.0.SP1\cdi-api-2.0.SP1.jar;C:\Users\Miller\.m2\repository\javax\el\javax.el-api\3.0.0\javax.el-api-3.0.0.jar;C:\Users\Miller\.m2\repository\javax\interceptor\javax.interceptor-api\1.2\javax.interceptor-api-1.2.jar;C:\Users\Miller\.m2\repository\io\github\qsy7\java\infrastructure\property\modules\environment\0.1.2\environment-0.1.2.jar;C:\Users\Miller\.m2\repository\io\github\qsy7\java\infrastructure\property\modules\manifest\0.1.2\manifest-0.1.2.jar;C:\Users\Miller\.m2\repository\com\jcabi\jcabi-manifests\1.1\jcabi-manifests-1.1.jar;C:\Users\Miller\.m2\repository\com\jcabi\jcabi-log\0.14\jcabi-log-0.14.jar;C:\Users\Miller\.m2\repository\io\github\qsy7\java\modules\shell\api\model\0.1.2\model-0.1.2.jar;C:\Users\Miller\.m2\repository\io\github\qsy7\java\infrastructure\datastore\impl\0.1.2\impl-0.1.2.jar;C:\Users\Miller\.m2\repository\com\google\inject\extensions\guice-multibindings\4.2.2\guice-multibindings-4.2.2.jar;C:\Users\Miller\.m2\repository\com\google\inject\guice\4.2.2\guice-4.2.2.jar;C:\Users\Miller\.m2\repository\aopalliance\aopalliance\1.0\aopalliance-1.0.jar;C:\Users\Miller\.m2\repository\com\machinepublishers\jbrowserdriver\1.1.1\jbrowserdriver-1.1.1.jar;C:\Users\Miller\.m2\repository\org\apache\httpcomponents\httpclient-cache\4.5.10\httpclient-cache-4.5.10.jar;C:\Users\Miller\.m2\repository\org\seleniumhq\selenium\selenium-server\4.0.0-alpha-2\selenium-server-4.0.0-alpha-2.jar;C:\Users\Miller\.m2\repository\org\zeroturnaround\zt-process-killer\1.10\zt-process-killer-1.10.jar;C:\Users\Miller\.m2\repository\org\zeroturnaround\zt-exec\1.7\zt-exec-1.7.jar;C:\Users\Miller\.m2\repository\io\github\classgraph\classgraph\4.8.47\classgraph-4.8.47.jar;C:\Users\Miller\.m2\repository\commons-lang\commons-lang\2.6\commons-lang-2.6.jar;C:\Users\Miller\.m2\repository\io\github\qsy7\java\modules\browser\drivers\chromedriver\0.1.2\chromedriver-0.1.2.jar;C:\Users\Miller\.m2\repository\org\seleniumhq\selenium\selenium-chrome-driver\4.0.0\selenium-chrome-driver-4.0.0.jar;C:\Users\Miller\.m2\repository\org\seleniumhq\selenium\selenium-chromium-driver\4.0.0\selenium-chromium-driver-4.0.0.jar;C:\Users\Miller\.m2\repository\com\thegoate\testng\0.15.8.202208111012\testng-0.15.8.202208111012.jar;C:\Users\Miller\.m2\repository\com\thegoate\kernel\0.15.8.202208111012\kernel-0.15.8.202208111012.jar;C:\Users\Miller\.m2\repository\org\atteo\classindex\classindex\3.11\classindex-3.11.jar;C:\Users\Miller\.m2\repository\org\testng\testng\7.4.0\testng-7.4.0.jar;C:\Users\Miller\.m2\repository\com\beust\jcommander\1.78\jcommander-1.78.jar;C:\Users\Miller\.m2\repository\org\webjars\jquery\3.5.1\jquery-3.5.1.jar;C:\Users\Miller\.m2\repository\org\apache\commons\commons-lang3\3.12.0\commons-lang3-3.12.0.jar;C:\Users\Miller\.m2\repository\io\github\bonigarcia\webdrivermanager\5.3.0\webdrivermanager-5.3.0.jar;C:\Users\Miller\.m2\repository\com\google\code\gson\gson\2.9.1\gson-2.9.1.jar;C:\Users\Miller\.m2\repository\com\github\docker-java\docker-java\3.2.13\docker-java-3.2.13.jar;C:\Users\Miller\.m2\repository\com\github\docker-java\docker-java-core\3.2.13\docker-java-core-3.2.13.jar;C:\Users\Miller\.m2\repository\com\github\docker-java\docker-java-api\3.2.13\docker-java-api-3.2.13.jar;C:\Users\Miller\.m2\repository\com\fasterxml\jackson\core\jackson-annotations\2.10.3\jackson-annotations-2.10.3.jar;C:\Users\Miller\.m2\repository\commons-io\commons-io\2.6\commons-io-2.6.jar;C:\Users\Miller\.m2\repository\org\apache\commons\commons-compress\1.21\commons-compress-1.21.jar;C:\Users\Miller\.m2\repository\com\fasterxml\jackson\core\jackson-databind\2.10.3\jackson-databind-2.10.3.jar;C:\Users\Miller\.m2\repository\com\fasterxml\jackson\core\jackson-core\2.10.3\jackson-core-2.10.3.jar;C:\Users\Miller\.m2\repository\org\bouncycastle\bcpkix-jdk15on\1.64\bcpkix-jdk15on-1.64.jar;C:\Users\Miller\.m2\repository\org\bouncycastle\bcprov-jdk15on\1.64\bcprov-jdk15on-1.64.jar;C:\Users\Miller\.m2\repository\com\github\docker-java\docker-java-transport-httpclient5\3.2.13\docker-java-transport-httpclient5-3.2.13.jar;C:\Users\Miller\.m2\repository\com\github\docker-java\docker-java-transport\3.2.13\docker-java-transport-3.2.13.jar;C:\Users\Miller\.m2\repository\net\java\dev\jna\jna\5.8.0\jna-5.8.0.jar;C:\Users\Miller\.m2\repository\org\brotli\dec\0.1.2\dec-0.1.2.jar;C:\Users\Miller\.m2\repository\org\apache\httpcomponents\client5\httpclient5\5.1.3\httpclient5-5.1.3.jar;C:\Users\Miller\.m2\repository\org\apache\httpcomponents\core5\httpcore5\5.1.3\httpcore5-5.1.3.jar;C:\Users\Miller\.m2\repository\org\apache\httpcomponents\core5\httpcore5-h2\5.1.3\httpcore5-h2-5.1.3.jar;C:\Users\Miller\.m2\repository\commons-codec\commons-codec\1.15\commons-codec-1.15.jar;C:\Users\Miller\.m2\repository\org\slf4j\slf4j-api\2.0.0\slf4j-api-2.0.0.jar;C:\Users\Miller\.m2\repository\ch\qos\logback\logback-classic\1.3.0\logback-classic-1.3.0.jar;C:\Users\Miller\.m2\repository\ch\qos\logback\logback-core\1.3.0\logback-core-1.3.0.jar;C:\Users\Miller\.m2\repository\org\slf4j\jcl-over-slf4j\2.0.0\jcl-over-slf4j-2.0.0.jar;C:\Users\Miller\.m2\repository\org\slf4j\log4j-over-slf4j\2.0.0\log4j-over-slf4j-2.0.0.jar;C:\Users\Miller\.m2\repository\org\projectlombok\lombok\1.18.24\lombok-1.18.24.jar;C:\Users\Miller\.m2\repository\io\rest-assured\rest-assured\5.2.0\rest-assured-5.2.0.jar;C:\Users\Miller\.m2\repository\org\apache\groovy\groovy\4.0.1\groovy-4.0.1.jar;C:\Users\Miller\.m2\repository\org\apache\groovy\groovy-xml\4.0.1\groovy-xml-4.0.1.jar;C:\Users\Miller\.m2\repository\org\apache\httpcomponents\httpclient\4.5.13\httpclient-4.5.13.jar;C:\Users\Miller\.m2\repository\org\apache\httpcomponents\httpcore\4.4.13\httpcore-4.4.13.jar;C:\Users\Miller\.m2\repository\commons-logging\commons-logging\1.2\commons-logging-1.2.jar;C:\Users\Miller\.m2\repository\org\apache\httpcomponents\httpmime\4.5.13\httpmime-4.5.13.jar;C:\Users\Miller\.m2\repository\org\hamcrest\hamcrest\2.1\hamcrest-2.1.jar;C:\Users\Miller\.m2\repository\org\ccil\cowan\tagsoup\tagsoup\1.2.1\tagsoup-1.2.1.jar;C:\Users\Miller\.m2\repository\io\rest-assured\json-path\5.2.0\json-path-5.2.0.jar;C:\Users\Miller\.m2\repository\org\apache\groovy\groovy-json\4.0.1\groovy-json-4.0.1.jar;C:\Users\Miller\.m2\repository\io\rest-assured\rest-assured-common\5.2.0\rest-assured-common-5.2.0.jar;C:\Users\Miller\.m2\repository\io\rest-assured\xml-path\5.2.0\xml-path-5.2.0.jar
Launcher Type: SUN_STANDARD

[Global flags]
     intx CICompilerCount                          = 3                                         {product} {ergonomic}
     uint ConcGCThreads                            = 1                                         {product} {ergonomic}
     uint G1ConcRefinementThreads                  = 4                                         {product} {ergonomic}
   size_t G1HeapRegionSize                         = 1048576                                   {product} {ergonomic}
    uintx GCDrainStackTargetSize                   = 64                                        {product} {ergonomic}
   size_t InitialHeapSize                          = 65011712                                  {product} {ergonomic}
   size_t MarkStackSize                            = 4194304                                   {product} {ergonomic}
   size_t MaxHeapSize                              = 1027604480                                {product} {ergonomic}
   size_t MaxNewSize                               = 616562688                                 {product} {ergonomic}
   size_t MinHeapDeltaBytes                        = 1048576                                   {product} {ergonomic}
   size_t MinHeapSize                              = 8388608                                   {product} {ergonomic}
    uintx NonNMethodCodeHeapSize                   = 5832780                                {pd product} {ergonomic}
    uintx NonProfiledCodeHeapSize                  = 122912730                              {pd product} {ergonomic}
    uintx ProfiledCodeHeapSize                     = 122912730                              {pd product} {ergonomic}
    uintx ReservedCodeCacheSize                    = 251658240                              {pd product} {ergonomic}
     bool SegmentedCodeCache                       = true                                      {product} {ergonomic}
   size_t SoftMaxHeapSize                          = 1027604480                             {manageable} {ergonomic}
     bool UseCompressedClassPointers               = true                           {product lp64_product} {ergonomic}
     bool UseCompressedOops                        = true                           {product lp64_product} {ergonomic}
     bool UseG1GC                                  = true                                      {product} {ergonomic}
     bool UseLargePagesIndividualAllocation        = false                                  {pd product} {ergonomic}

Logging:
Log output configuration:
 #0: stdout all=warning uptime,level,tags foldmultilines=false
 #1: stderr all=off uptime,level,tags foldmultilines=false

Environment Variables:
JAVA_HOME=E:\TheJavaProg\jdk-16.0.2
PATH=C:\Program Files\Common Files\Oracle\Java\javapath;C:\Program Files (x86)\Common Files\Oracle\Java\javapath;C:\Windows\system32;C:\Windows;C:\Windows\System32\Wbem;C:\Windows\System32\WindowsPowerShell\v1.0\;C:\Windows\System32\OpenSSH\;C:\Program Files\Git\cmd;E:\TheJavaProg\apache-maven-3.8.4\bin;C:\Program Files (x86)\dotnet\;C:\Program Files\Docker\Docker\resources\bin;C:\ProgramData\DockerDesktop\version-bin;C:\Program Files\Common Files\Oracle\Java\javapath;C:\Program Files (x86)\Common Files\Oracle\Java\javapath;C:\Windows\system32;C:\Windows;C:\Windows\System32\Wbem;C:\Windows\System32\WindowsPowerShell\v1.0\;C:\Windows\System32\OpenSSH\;C:\Program Files\Git\cmd;E:\TheJavaProg\apache-maven-3.8.4\bin;C:\Program Files (x86)\dotnet\;E:\TheJavaProg\jdk-16.0.2\bin;E:\TheJavaProg\apache-maven-3.8.4\bin;E:\WebDriversForSelenium;;E:\WebDriversForSelenium\chromedriver
USERNAME=Miller
OS=Windows_NT
PROCESSOR_IDENTIFIER=Intel64 Family 6 Model 122 Stepping 1, GenuineIntel



---------------  S Y S T E M  ---------------

OS:
 Windows 10 , 64 bit Build 19041 (10.0.19041.1889)
OS uptime: 3 days 0:40 hours
Hyper-V role detected

CPU: total 4 (initial active 4) (4 cores per cpu, 1 threads per core) family 6 model 122 stepping 1 microcode 0x32, cx8, cmov, fxsr, mmx, 3dnowpref, sse, sse2, sse3, ssse3, sse4.1, sse4.2, popcnt, tsc, tscinvbit, aes, erms, clmul, sha, clflush, clflushopt, hv

Memory: 4k page, system-wide physical 3918M (263M free)
TotalPageFile size 15581M (AvailPageFile size 166M)
current process WorkingSet (physical memory assigned to process): 83M, peak: 83M
current process commit charge ("private bytes"): 160M, peak: 161M

vm_info: OpenJDK 64-Bit Server VM (18.0.2+9-61) for windows-amd64 JRE (18.0.2+9-61), built on Jun  7 2022 13:05:59 by "mach5one" with MS VC++ 16.8 / 16.9 (VS2019)

END.
