#
# There is insufficient memory for the Java Runtime Environment to continue.
# Native memory allocation (malloc) failed to allocate 1435376 bytes for Chunk::new
# Possible reasons:
#   The system is out of physical RAM or swap space
#   The process is running with CompressedOops enabled, and the Java Heap may be blocking the growth of the native heap
# Possible solutions:
#   Reduce memory load on the system
#   Increase physical memory or swap space
#   Check if swap backing store is full
#   Decrease Java heap size (-Xmx/-Xms)
#   Decrease number of Java threads
#   Decrease Java thread stack sizes (-Xss)
#   Set larger code cache with -XX:ReservedCodeCacheSize=
#   JVM is running with Unscaled Compressed Oops mode in which the Java heap is
#     placed in the first 4GB address space. The Java Heap base address is the
#     maximum limit for the native heap growth. Please use -XX:HeapBaseMinAddress
#     to set the Java Heap base and to place the Java Heap above 4GB virtual address.
# This output file may be truncated or incomplete.
#
#  Out of Memory Error (arena.cpp:184), pid=7656, tid=9024
#
# JRE version: OpenJDK Runtime Environment (18.0.2+9) (build 18.0.2+9-61)
# Java VM: OpenJDK 64-Bit Server VM (18.0.2+9-61, mixed mode, sharing, tiered, compressed oops, compressed class ptrs, g1 gc, windows-amd64)
# No core dump will be written. Minidumps are not enabled by default on client versions of Windows
#

---------------  S U M M A R Y ------------

Command Line: -ea -Didea.test.cyclic.buffer.size=1048576 -javaagent:E:\IntelliJ IDEA 2021.3\lib\idea_rt.jar=59976:E:\IntelliJ IDEA 2021.3\bin -Dfile.encoding=UTF-8 com.intellij.rt.testng.RemoteTestNGStarter -usedefaultlisteners false -socket59975 @w@C:\Users\Miller\AppData\Local\Temp\idea_working_dirs_testng.tmp -temp C:\Users\Miller\AppData\Local\Temp\idea_testng.tmp

Host: Intel(R) Pentium(R) Silver N5000 CPU @ 1.10GHz, 4 cores, 3G,  Windows 10 , 64 bit Build 19041 (10.0.19041.1889)
Time: Fri Oct 28 11:46:59 2022 RTZ 1 (s 10 , 64 bit Build 19041 (10.0.19041.1889) elapsed time: 12.197656 seconds (0d 0h 0m 12s)

---------------  T H R E A D  ---------------

Current thread (0x0000014e2e116140):  JavaThread "C2 CompilerThread0" daemon [_thread_in_native, id=9024, stack(0x00000003d5d00000,0x00000003d5e00000)]


Current CompileTask:
C2:  12197 3496   !   4       jdk.internal.loader.BuiltinClassLoader::loadClassOrNull (143 bytes)

Stack: [0x00000003d5d00000,0x00000003d5e00000]
Native frames: (J=compiled Java code, j=interpreted, Vv=VM code, C=native code)
V  [jvm.dll+0x6993ca]
V  [jvm.dll+0x7f481d]
V  [jvm.dll+0x7f612e]
V  [jvm.dll+0x7f67e3]
V  [jvm.dll+0x25cdaf]
V  [jvm.dll+0xb8c2f]
V  [jvm.dll+0xb8fa5]
V  [jvm.dll+0x386091]
V  [jvm.dll+0x1d29c2]
V  [jvm.dll+0x2300a9]
V  [jvm.dll+0x22f321]
V  [jvm.dll+0x1ba01c]
V  [jvm.dll+0x23ec9a]
V  [jvm.dll+0x23cf85]
V  [jvm.dll+0x7a6e21]
V  [jvm.dll+0x7a125a]
V  [jvm.dll+0x698275]
C  [ucrtbase.dll+0x21bb2]
C  [KERNEL32.DLL+0x17034]
C  [ntdll.dll+0x526a1]


---------------  P R O C E S S  ---------------

Threads class SMR info:
_java_thread_list=0x0000014e33797af0, length=15, elements={
0x0000014e12f20f60, 0x0000014e12fbabf0, 0x0000014e12fbb760, 0x0000014e12fce9d0,
0x0000014e2e1123f0, 0x0000014e2e114cb0, 0x0000014e2e115560, 0x0000014e2e116140,
0x0000014e2e116a30, 0x0000014e2e1960e0, 0x0000014e2e1e9710, 0x0000014e325bdad0,
0x0000014e325bdf90, 0x0000014e324f7710, 0x0000014e32474fd0
}

Java Threads: ( => current thread )
  0x0000014e12f20f60 JavaThread "main" [_thread_in_vm, id=5600, stack(0x00000003d5000000,0x00000003d5100000)]
  0x0000014e12fbabf0 JavaThread "Reference Handler" daemon [_thread_blocked, id=12520, stack(0x00000003d5700000,0x00000003d5800000)]
  0x0000014e12fbb760 JavaThread "Finalizer" daemon [_thread_blocked, id=11704, stack(0x00000003d5800000,0x00000003d5900000)]
  0x0000014e12fce9d0 JavaThread "Signal Dispatcher" daemon [_thread_blocked, id=8540, stack(0x00000003d5900000,0x00000003d5a00000)]
  0x0000014e2e1123f0 JavaThread "Attach Listener" daemon [_thread_blocked, id=10852, stack(0x00000003d5a00000,0x00000003d5b00000)]
  0x0000014e2e114cb0 JavaThread "Service Thread" daemon [_thread_blocked, id=6568, stack(0x00000003d5b00000,0x00000003d5c00000)]
  0x0000014e2e115560 JavaThread "Monitor Deflation Thread" daemon [_thread_blocked, id=6372, stack(0x00000003d5c00000,0x00000003d5d00000)]
=>0x0000014e2e116140 JavaThread "C2 CompilerThread0" daemon [_thread_in_native, id=9024, stack(0x00000003d5d00000,0x00000003d5e00000)]
  0x0000014e2e116a30 JavaThread "C1 CompilerThread0" daemon [_thread_blocked, id=13164, stack(0x00000003d5e00000,0x00000003d5f00000)]
  0x0000014e2e1960e0 JavaThread "Sweeper thread" daemon [_thread_blocked, id=6584, stack(0x00000003d5f00000,0x00000003d6000000)]
  0x0000014e2e1e9710 JavaThread "Common-Cleaner" daemon [_thread_blocked, id=8432, stack(0x00000003d6000000,0x00000003d6100000)]
  0x0000014e325bdad0 JavaThread "Monitor Ctrl-Break" daemon [_thread_in_native, id=2708, stack(0x00000003d6200000,0x00000003d6300000)]
  0x0000014e325bdf90 JavaThread "Notification Thread" daemon [_thread_blocked, id=11356, stack(0x00000003d6300000,0x00000003d6400000)]
  0x0000014e324f7710 JavaThread "ForkJoinPool.commonPool-worker-1" daemon [_thread_blocked, id=1652, stack(0x00000003d6800000,0x00000003d6900000)]
  0x0000014e32474fd0 JavaThread "ForkJoinPool.commonPool-worker-2" daemon [_thread_blocked, id=9920, stack(0x00000003d6900000,0x00000003d6a00000)]

Other Threads:
  0x0000014e12fb7140 VMThread "VM Thread" [stack: 0x00000003d5600000,0x00000003d5700000] [id=14304]
  0x0000014e12f21d10 WatcherThread "VM Periodic Task Thread" [stack: 0x00000003d6400000,0x00000003d6500000] [id=11516]
  0x0000014e12f606d0 WorkerThread "GC Thread#0" [stack: 0x00000003d5100000,0x00000003d5200000] [id=7280]
  0x0000014e32cc2250 WorkerThread "GC Thread#1" [stack: 0x00000003d6500000,0x00000003d6600000] [id=6792]
  0x0000014e327224d0 WorkerThread "GC Thread#2" [stack: 0x00000003d6600000,0x00000003d6700000] [id=10888]
  0x0000014e32bb4860 WorkerThread "GC Thread#3" [stack: 0x00000003d6700000,0x00000003d6800000] [id=9396]
  0x0000014e12f66a10 ConcurrentGCThread "G1 Main Marker" [stack: 0x00000003d5200000,0x00000003d5300000] [id=9360]
  0x0000014e10f0d950 WorkerThread "G1 Conc#0" [stack: 0x00000003d5300000,0x00000003d5400000] [id=2916]
  0x0000014e12f90e90 ConcurrentGCThread "G1 Refine#0" [stack: 0x00000003d5400000,0x00000003d5500000] [id=14284]
  0x0000014e2e1c1b10 ConcurrentGCThread "G1 Refine#1" [stack: 0x00000003d6a00000,0x00000003d6b00000] [id=940]
  0x0000014e12f916b0 ConcurrentGCThread "G1 Service" [stack: 0x00000003d5500000,0x00000003d5600000] [id=14060]

Threads with active compile tasks:
C2 CompilerThread0    12309 3496   !   4       jdk.internal.loader.BuiltinClassLoader::loadClassOrNull (143 bytes)

VM state: not at safepoint (normal execution)

VM Mutex/Monitor currently owned by a thread: None

Heap address: 0x00000000c2c00000, size: 980 MB, Compressed Oops mode: 32-bit

CDS archive(s) mapped at: [0x0000000800000000-0x0000000800ba0000-0x0000000800ba0000), size 12189696, SharedBaseAddress: 0x0000000800000000, ArchiveRelocationMode: 0.
Compressed class space mapped at: 0x0000000800c00000-0x0000000840c00000, reserved size: 1073741824
Narrow klass base: 0x0000000800000000, Narrow klass shift: 0, Narrow klass range: 0x100000000

GC Precious Log:
 CardTable entry size: 512
 Card Set container configuration: InlinePtr #cards 5 size 8 Array Of Cards #cards 12 size 40 Howl #buckets 4 coarsen threshold 1843 Howl Bitmap #cards 512 size 80 coarsen threshold 460 Card regions per heap region 1 cards per card region 2048
 CPUs: 4 total, 4 available
 Memory: 3918M
 Large Page Support: Disabled
 NUMA Support: Disabled
 Compressed Oops: Enabled (32-bit)
 Heap Region Size: 1M
 Heap Min Capacity: 8M
 Heap Initial Capacity: 62M
 Heap Max Capacity: 980M
 Pre-touch: Disabled
 Parallel Workers: 4
 Concurrent Workers: 1
 Concurrent Refinement Workers: 4
 Periodic GC: Disabled

Heap:
 garbage-first heap   total 63488K, used 33133K [0x00000000c2c00000, 0x0000000100000000)
  region size 1024K, 17 young (17408K), 4 survivors (4096K)
 Metaspace       used 24520K, committed 25152K, reserved 1114112K
  class space    used 2806K, committed 3072K, reserved 1048576K

Heap Regions: E=young(eden), S=young(survivor), O=old, HS=humongous(starts), HC=humongous(continues), CS=collection set, F=free, OA=open archive, CA=closed archive, TAMS=top-at-mark-start (previous, next)
|   0|0x00000000c2c00000, 0x00000000c2d00000, 0x00000000c2d00000|100%| O|  |TAMS 0x00000000c2d00000, 0x00000000c2c00000| Untracked 
|   1|0x00000000c2d00000, 0x00000000c2e00000, 0x00000000c2e00000|100%| O|  |TAMS 0x00000000c2e00000, 0x00000000c2d00000| Untracked 
|   2|0x00000000c2e00000, 0x00000000c2f00000, 0x00000000c2f00000|100%| O|  |TAMS 0x00000000c2f00000, 0x00000000c2e00000| Untracked 
|   3|0x00000000c2f00000, 0x00000000c3000000, 0x00000000c3000000|100%| O|  |TAMS 0x00000000c3000000, 0x00000000c2f00000| Untracked 
|   4|0x00000000c3000000, 0x00000000c3100000, 0x00000000c3100000|100%| O|  |TAMS 0x00000000c3100000, 0x00000000c3000000| Untracked 
|   5|0x00000000c3100000, 0x00000000c3200000, 0x00000000c3200000|100%| O|  |TAMS 0x00000000c3200000, 0x00000000c3100000| Untracked 
|   6|0x00000000c3200000, 0x00000000c3300000, 0x00000000c3300000|100%| O|  |TAMS 0x00000000c3300000, 0x00000000c3200000| Untracked 
|   7|0x00000000c3300000, 0x00000000c3400000, 0x00000000c3400000|100%| O|  |TAMS 0x00000000c3400000, 0x00000000c3300000| Untracked 
|   8|0x00000000c3400000, 0x00000000c3500000, 0x00000000c3500000|100%| O|  |TAMS 0x00000000c3500000, 0x00000000c3400000| Untracked 
|   9|0x00000000c3500000, 0x00000000c3600000, 0x00000000c3600000|100%| O|  |TAMS 0x00000000c3600000, 0x00000000c3500000| Untracked 
|  10|0x00000000c3600000, 0x00000000c3700000, 0x00000000c3700000|100%| O|  |TAMS 0x00000000c3700000, 0x00000000c3600000| Untracked 
|  11|0x00000000c3700000, 0x00000000c3800000, 0x00000000c3800000|100%| O|  |TAMS 0x00000000c3800000, 0x00000000c3700000| Untracked 
|  12|0x00000000c3800000, 0x00000000c3900000, 0x00000000c3900000|100%| O|  |TAMS 0x00000000c3900000, 0x00000000c3800000| Untracked 
|  13|0x00000000c3900000, 0x00000000c3a00000, 0x00000000c3a00000|100%| O|  |TAMS 0x00000000c3a00000, 0x00000000c3900000| Untracked 
|  14|0x00000000c3a00000, 0x00000000c3b00000, 0x00000000c3b00000|100%| O|  |TAMS 0x00000000c3ad4a00, 0x00000000c3a00000| Untracked 
|  15|0x00000000c3b00000, 0x00000000c3c00000, 0x00000000c3c00000|100%| O|  |TAMS 0x00000000c3b00000, 0x00000000c3b00000| Untracked 
|  16|0x00000000c3c00000, 0x00000000c3d00000, 0x00000000c3d00000|100%| O|  |TAMS 0x00000000c3c00000, 0x00000000c3c00000| Untracked 
|  17|0x00000000c3d00000, 0x00000000c3d5dc00, 0x00000000c3e00000| 36%| O|  |TAMS 0x00000000c3d00000, 0x00000000c3d00000| Untracked 
|  18|0x00000000c3e00000, 0x00000000c3e00000, 0x00000000c3f00000|  0%| F|  |TAMS 0x00000000c3e00000, 0x00000000c3e00000| Untracked 
|  19|0x00000000c3f00000, 0x00000000c3f00000, 0x00000000c4000000|  0%| F|  |TAMS 0x00000000c3f00000, 0x00000000c3f00000| Untracked 
|  20|0x00000000c4000000, 0x00000000c4000000, 0x00000000c4100000|  0%| F|  |TAMS 0x00000000c4000000, 0x00000000c4000000| Untracked 
|  21|0x00000000c4100000, 0x00000000c4100000, 0x00000000c4200000|  0%| F|  |TAMS 0x00000000c4100000, 0x00000000c4100000| Untracked 
|  22|0x00000000c4200000, 0x00000000c4200000, 0x00000000c4300000|  0%| F|  |TAMS 0x00000000c4200000, 0x00000000c4200000| Untracked 
|  23|0x00000000c4300000, 0x00000000c4300000, 0x00000000c4400000|  0%| F|  |TAMS 0x00000000c4300000, 0x00000000c4300000| Untracked 
|  24|0x00000000c4400000, 0x00000000c4400000, 0x00000000c4500000|  0%| F|  |TAMS 0x00000000c4400000, 0x00000000c4400000| Untracked 
|  25|0x00000000c4500000, 0x00000000c4500000, 0x00000000c4600000|  0%| F|  |TAMS 0x00000000c4500000, 0x00000000c4500000| Untracked 
|  26|0x00000000c4600000, 0x00000000c4600000, 0x00000000c4700000|  0%| F|  |TAMS 0x00000000c4600000, 0x00000000c4600000| Untracked 
|  27|0x00000000c4700000, 0x00000000c4700000, 0x00000000c4800000|  0%| F|  |TAMS 0x00000000c4700000, 0x00000000c4700000| Untracked 
|  28|0x00000000c4800000, 0x00000000c4800000, 0x00000000c4900000|  0%| F|  |TAMS 0x00000000c4800000, 0x00000000c4800000| Untracked 
|  29|0x00000000c4900000, 0x00000000c4900000, 0x00000000c4a00000|  0%| F|  |TAMS 0x00000000c4900000, 0x00000000c4900000| Untracked 
|  30|0x00000000c4a00000, 0x00000000c4a00000, 0x00000000c4b00000|  0%| F|  |TAMS 0x00000000c4a00000, 0x00000000c4a00000| Untracked 
|  31|0x00000000c4b00000, 0x00000000c4b00000, 0x00000000c4c00000|  0%| F|  |TAMS 0x00000000c4b00000, 0x00000000c4b00000| Untracked 
|  32|0x00000000c4c00000, 0x00000000c4c00000, 0x00000000c4d00000|  0%| F|  |TAMS 0x00000000c4c00000, 0x00000000c4c00000| Untracked 
|  33|0x00000000c4d00000, 0x00000000c4d00000, 0x00000000c4e00000|  0%| F|  |TAMS 0x00000000c4d00000, 0x00000000c4d00000| Untracked 
|  34|0x00000000c4e00000, 0x00000000c4e00000, 0x00000000c4f00000|  0%| F|  |TAMS 0x00000000c4e00000, 0x00000000c4e00000| Untracked 
|  35|0x00000000c4f00000, 0x00000000c4ffdb40, 0x00000000c5000000| 99%| S|CS|TAMS 0x00000000c4f00000, 0x00000000c4f00000| Complete 
|  36|0x00000000c5000000, 0x00000000c5100000, 0x00000000c5100000|100%| S|CS|TAMS 0x00000000c5000000, 0x00000000c5000000| Complete 
|  37|0x00000000c5100000, 0x00000000c5100000, 0x00000000c5200000|  0%| F|  |TAMS 0x00000000c5100000, 0x00000000c5100000| Untracked 
|  38|0x00000000c5200000, 0x00000000c5200000, 0x00000000c5300000|  0%| F|  |TAMS 0x00000000c5200000, 0x00000000c5200000| Untracked 
|  39|0x00000000c5300000, 0x00000000c5300000, 0x00000000c5400000|  0%| F|  |TAMS 0x00000000c5300000, 0x00000000c5300000| Untracked 
|  40|0x00000000c5400000, 0x00000000c5500000, 0x00000000c5500000|100%| S|CS|TAMS 0x00000000c5400000, 0x00000000c5400000| Complete 
|  41|0x00000000c5500000, 0x00000000c5600000, 0x00000000c5600000|100%| S|CS|TAMS 0x00000000c5500000, 0x00000000c5500000| Complete 
|  42|0x00000000c5600000, 0x00000000c5600000, 0x00000000c5700000|  0%| F|  |TAMS 0x00000000c5600000, 0x00000000c5600000| Untracked 
|  43|0x00000000c5700000, 0x00000000c5700000, 0x00000000c5800000|  0%| F|  |TAMS 0x00000000c5700000, 0x00000000c5700000| Untracked 
|  44|0x00000000c5800000, 0x00000000c5800000, 0x00000000c5900000|  0%| F|  |TAMS 0x00000000c5800000, 0x00000000c5800000| Untracked 
|  45|0x00000000c5900000, 0x00000000c5900000, 0x00000000c5a00000|  0%| F|  |TAMS 0x00000000c5900000, 0x00000000c5900000| Untracked 
|  46|0x00000000c5a00000, 0x00000000c5a00000, 0x00000000c5b00000|  0%| F|  |TAMS 0x00000000c5a00000, 0x00000000c5a00000| Untracked 
|  47|0x00000000c5b00000, 0x00000000c5b00000, 0x00000000c5c00000|  0%| F|  |TAMS 0x00000000c5b00000, 0x00000000c5b00000| Untracked 
|  48|0x00000000c5c00000, 0x00000000c5c00000, 0x00000000c5d00000|  0%| F|  |TAMS 0x00000000c5c00000, 0x00000000c5c00000| Untracked 
|  49|0x00000000c5d00000, 0x00000000c5d542e8, 0x00000000c5e00000| 32%| E|  |TAMS 0x00000000c5d00000, 0x00000000c5d00000| Complete 
|  50|0x00000000c5e00000, 0x00000000c5f00000, 0x00000000c5f00000|100%| E|CS|TAMS 0x00000000c5e00000, 0x00000000c5e00000| Complete 
|  51|0x00000000c5f00000, 0x00000000c6000000, 0x00000000c6000000|100%| E|  |TAMS 0x00000000c5f00000, 0x00000000c5f00000| Complete 
|  52|0x00000000c6000000, 0x00000000c6100000, 0x00000000c6100000|100%| E|CS|TAMS 0x00000000c6000000, 0x00000000c6000000| Complete 
|  53|0x00000000c6100000, 0x00000000c6200000, 0x00000000c6200000|100%| E|CS|TAMS 0x00000000c6100000, 0x00000000c6100000| Complete 
|  54|0x00000000c6200000, 0x00000000c6300000, 0x00000000c6300000|100%| E|CS|TAMS 0x00000000c6200000, 0x00000000c6200000| Complete 
|  55|0x00000000c6300000, 0x00000000c6400000, 0x00000000c6400000|100%| E|CS|TAMS 0x00000000c6300000, 0x00000000c6300000| Complete 
|  56|0x00000000c6400000, 0x00000000c6500000, 0x00000000c6500000|100%| E|CS|TAMS 0x00000000c6400000, 0x00000000c6400000| Complete 
|  57|0x00000000c6500000, 0x00000000c6600000, 0x00000000c6600000|100%| E|CS|TAMS 0x00000000c6500000, 0x00000000c6500000| Complete 
|  58|0x00000000c6600000, 0x00000000c6700000, 0x00000000c6700000|100%| E|CS|TAMS 0x00000000c6600000, 0x00000000c6600000| Complete 
|  59|0x00000000c6700000, 0x00000000c6800000, 0x00000000c6800000|100%| E|CS|TAMS 0x00000000c6700000, 0x00000000c6700000| Complete 
|  60|0x00000000c6800000, 0x00000000c6900000, 0x00000000c6900000|100%| E|CS|TAMS 0x00000000c6800000, 0x00000000c6800000| Complete 
|  61|0x00000000c6900000, 0x00000000c6a00000, 0x00000000c6a00000|100%| E|CS|TAMS 0x00000000c6900000, 0x00000000c6900000| Complete 

Card table byte_map: [0x0000014e29a30000,0x0000014e29c20000] _byte_map_base: 0x0000014e2941a000

Marking Bits (Prev, Next): (CMBitMap*) 0x0000014e10f0b030, (CMBitMap*) 0x0000014e10f0aff0
 Prev Bits: [0x0000014e2ad60000, 0x0000014e2bcb0000)
 Next Bits: [0x0000014e29e10000, 0x0000014e2ad60000)

Polling page: 0x0000014e126d0000

Metaspace:

Usage:
  Non-class:     21.22 MB used.
      Class:      2.74 MB used.
       Both:     23.96 MB used.

Virtual space:
  Non-class space:       64.00 MB reserved,      21.56 MB ( 34%) committed,  1 nodes.
      Class space:        1.00 GB reserved,       3.00 MB ( <1%) committed,  1 nodes.
             Both:        1.06 GB reserved,      24.56 MB (  2%) committed. 

Chunk freelists:
   Non-Class:  1.95 MB
       Class:  961.00 KB
        Both:  2.89 MB

MaxMetaspaceSize: unlimited
CompressedClassSpaceSize: 1.00 GB
Initial GC threshold: 21.00 MB
Current GC threshold: 35.31 MB
CDS: on
MetaspaceReclaimPolicy: balanced
 - commit_granule_bytes: 65536.
 - commit_granule_words: 8192.
 - virtual_space_node_default_size: 8388608.
 - enlarge_chunks_in_place: 1.
 - new_chunks_are_fully_committed: 0.
 - uncommit_free_chunks: 1.
 - use_allocation_guard: 0.


Internal statistics:

num_allocs_failed_limit: 3.
num_arena_births: 614.
num_arena_deaths: 0.
num_vsnodes_births: 2.
num_vsnodes_deaths: 0.
num_space_committed: 393.
num_space_uncommitted: 0.
num_chunks_returned_to_freelist: 3.
num_chunks_taken_from_freelist: 1291.
num_chunk_merges: 0.
num_chunk_splits: 816.
num_chunks_enlarged: 512.
num_inconsistent_stats: 0.

CodeHeap 'non-profiled nmethods': size=120000Kb used=1302Kb max_used=1302Kb free=118697Kb
 bounds [0x0000014e22310000, 0x0000014e22580000, 0x0000014e29840000]
CodeHeap 'profiled nmethods': size=120000Kb used=7531Kb max_used=7531Kb free=112468Kb
 bounds [0x0000014e1ade0000, 0x0000014e1b540000, 0x0000014e22310000]
CodeHeap 'non-nmethods': size=5760Kb used=2314Kb max_used=2330Kb free=3445Kb
 bounds [0x0000014e1a840000, 0x0000014e1aab0000, 0x0000014e1ade0000]
 total_blobs=4414 nmethods=3608 adapters=719
 compilation: enabled
              stopped_count=0, restarted_count=0
 full_count=0

Compilation events (20 events):
Event: 12.171 Thread 0x0000014e2e116a30 3598       3       java.lang.String::substring (58 bytes)
Event: 12.172 Thread 0x0000014e2e116a30 nmethod 3598 0x0000014e1b524f90 code [0x0000014e1b5251a0, 0x0000014e1b5257c8]
Event: 12.175 Thread 0x0000014e2e116a30 3599       3       org.codehaus.groovy.runtime.typehandling.DefaultTypeTransformation::castToBoolean (39 bytes)
Event: 12.175 Thread 0x0000014e2e116a30 nmethod 3599 0x0000014e1b525a10 code [0x0000014e1b525be0, 0x0000014e1b526068]
Event: 12.175 Thread 0x0000014e2e116a30 3600       1       groovy.lang.Reference::get (5 bytes)
Event: 12.175 Thread 0x0000014e2e116a30 nmethod 3600 0x0000014e22454610 code [0x0000014e224547a0, 0x0000014e22454878]
Event: 12.180 Thread 0x0000014e2e116a30 3601   !   3       java.beans.WeakIdentityMap::removeStaleEntries (151 bytes)
Event: 12.181 Thread 0x0000014e2e116a30 nmethod 3601 0x0000014e1b526190 code [0x0000014e1b5263e0, 0x0000014e1b527198]
Event: 12.184 Thread 0x0000014e2e116a30 3602       3       org.codehaus.groovy.reflection.ClassInfo::hasPerInstanceMetaClasses (13 bytes)
Event: 12.184 Thread 0x0000014e2e116a30 nmethod 3602 0x0000014e1b527890 code [0x0000014e1b527a20, 0x0000014e1b527b98]
Event: 12.184 Thread 0x0000014e2e116a30 3603       3       groovy.lang.MetaClassImpl::createPojoCallSite (53 bytes)
Event: 12.185 Thread 0x0000014e2e116a30 nmethod 3603 0x0000014e1b527c10 code [0x0000014e1b527e00, 0x0000014e1b5282d8]
Event: 12.185 Thread 0x0000014e2e116a30 3604       3       org.codehaus.groovy.runtime.callsite.PojoMetaMethodSite::createPojoMetaMethodSite (55 bytes)
Event: 12.185 Thread 0x0000014e2e116a30 nmethod 3604 0x0000014e1b528490 code [0x0000014e1b528680, 0x0000014e1b528cc8]
Event: 12.185 Thread 0x0000014e2e116a30 3605       3       org.codehaus.groovy.runtime.callsite.PojoMetaMethodSite::<init> (18 bytes)
Event: 12.186 Thread 0x0000014e2e116a30 nmethod 3605 0x0000014e1b528e10 code [0x0000014e1b528fc0, 0x0000014e1b5292a8]
Event: 12.186 Thread 0x0000014e2e116a30 3606       3       java.lang.invoke.BoundMethodHandle$Species_LLL::copyWithExtendL (29 bytes)
Event: 12.187 Thread 0x0000014e2e116a30 nmethod 3606 0x0000014e1b529490 code [0x0000014e1b529660, 0x0000014e1b529ae8]
Event: 12.187 Thread 0x0000014e2e116a30 3607       3       java.lang.invoke.BoundMethodHandle$Species_LLLL::make (16 bytes)
Event: 12.187 Thread 0x0000014e2e116a30 nmethod 3607 0x0000014e1b529c10 code [0x0000014e1b529dc0, 0x0000014e1b52a168]

GC Heap History (12 events):
Event: 5.818 GC heap before
{Heap before GC invocations=0 (full 0):
 garbage-first heap   total 63488K, used 12288K [0x00000000c2c00000, 0x0000000100000000)
  region size 1024K, 13 young (13312K), 0 survivors (0K)
 Metaspace       used 1626K, committed 1792K, reserved 1114112K
  class space    used 131K, committed 192K, reserved 1048576K
}
Event: 5.830 GC heap after
{Heap after GC invocations=1 (full 0):
 garbage-first heap   total 63488K, used 6712K [0x00000000c2c00000, 0x0000000100000000)
  region size 1024K, 2 young (2048K), 2 survivors (2048K)
 Metaspace       used 1626K, committed 1792K, reserved 1114112K
  class space    used 131K, committed 192K, reserved 1048576K
}
Event: 6.698 GC heap before
{Heap before GC invocations=1 (full 0):
 garbage-first heap   total 63488K, used 14904K [0x00000000c2c00000, 0x0000000100000000)
  region size 1024K, 10 young (10240K), 2 survivors (2048K)
 Metaspace       used 5608K, committed 5888K, reserved 1114112K
  class space    used 582K, committed 704K, reserved 1048576K
}
Event: 6.706 GC heap after
{Heap after GC invocations=2 (full 0):
 garbage-first heap   total 63488K, used 7842K [0x00000000c2c00000, 0x0000000100000000)
  region size 1024K, 2 young (2048K), 2 survivors (2048K)
 Metaspace       used 5608K, committed 5888K, reserved 1114112K
  class space    used 582K, committed 704K, reserved 1048576K
}
Event: 8.179 GC heap before
{Heap before GC invocations=2 (full 0):
 garbage-first heap   total 63488K, used 25250K [0x00000000c2c00000, 0x0000000100000000)
  region size 1024K, 20 young (20480K), 2 survivors (2048K)
 Metaspace       used 10962K, committed 11136K, reserved 1114112K
  class space    used 1163K, committed 1216K, reserved 1048576K
}
Event: 8.191 GC heap after
{Heap after GC invocations=3 (full 0):
 garbage-first heap   total 63488K, used 10032K [0x00000000c2c00000, 0x0000000100000000)
  region size 1024K, 3 young (3072K), 3 survivors (3072K)
 Metaspace       used 10962K, committed 11136K, reserved 1114112K
  class space    used 1163K, committed 1216K, reserved 1048576K
}
Event: 9.392 GC heap before
{Heap before GC invocations=3 (full 0):
 garbage-first heap   total 63488K, used 38704K [0x00000000c2c00000, 0x0000000100000000)
  region size 1024K, 29 young (29696K), 3 survivors (3072K)
 Metaspace       used 15676K, committed 16128K, reserved 1114112K
  class space    used 1681K, committed 1920K, reserved 1048576K
}
Event: 9.418 GC heap after
{Heap after GC invocations=4 (full 0):
 garbage-first heap   total 63488K, used 14803K [0x00000000c2c00000, 0x0000000100000000)
  region size 1024K, 4 young (4096K), 4 survivors (4096K)
 Metaspace       used 15676K, committed 16128K, reserved 1114112K
  class space    used 1681K, committed 1920K, reserved 1048576K
}
Event: 9.793 GC heap before
{Heap before GC invocations=4 (full 0):
 garbage-first heap   total 63488K, used 36307K [0x00000000c2c00000, 0x0000000100000000)
  region size 1024K, 26 young (26624K), 4 survivors (4096K)
 Metaspace       used 16422K, committed 16960K, reserved 1114112K
  class space    used 1798K, committed 2048K, reserved 1048576K
}
Event: 9.810 GC heap after
{Heap after GC invocations=5 (full 0):
 garbage-first heap   total 63488K, used 18258K [0x00000000c2c00000, 0x0000000100000000)
  region size 1024K, 3 young (3072K), 3 survivors (3072K)
 Metaspace       used 16422K, committed 16960K, reserved 1114112K
  class space    used 1798K, committed 2048K, reserved 1048576K
}
Event: 11.003 GC heap before
{Heap before GC invocations=5 (full 0):
 garbage-first heap   total 63488K, used 36690K [0x00000000c2c00000, 0x0000000100000000)
  region size 1024K, 23 young (23552K), 3 survivors (3072K)
 Metaspace       used 20945K, committed 21504K, reserved 1114112K
  class space    used 2365K, committed 2624K, reserved 1048576K
}
Event: 11.028 GC heap after
{Heap after GC invocations=6 (full 0):
 garbage-first heap   total 63488K, used 21869K [0x00000000c2c00000, 0x0000000100000000)
  region size 1024K, 4 young (4096K), 4 survivors (4096K)
 Metaspace       used 20945K, committed 21504K, reserved 1114112K
  class space    used 2365K, committed 2624K, reserved 1048576K
}

Deoptimization events (20 events):
Event: 12.130 Thread 0x0000014e12f20f60 Uncommon trap: trap_request=0xffffff45 fr.pc=0x0000014e2236d348 relative=0x0000000000000048
Event: 12.130 Thread 0x0000014e12f20f60 Uncommon trap: reason=unstable_if action=reinterpret pc=0x0000014e2236d348 method=java.lang.CharacterData.of(I)Ljava/lang/CharacterData; @ 4 c2
Event: 12.130 Thread 0x0000014e12f20f60 DEOPT PACKING pc=0x0000014e2236d348 sp=0x00000003d50fc630
Event: 12.130 Thread 0x0000014e12f20f60 DEOPT UNPACKING pc=0x0000014e1a89239d sp=0x00000003d50fc5c8 mode 2
Event: 12.134 Thread 0x0000014e12f20f60 Uncommon trap: trap_request=0xffffff45 fr.pc=0x0000014e223244b8 relative=0x0000000000000038
Event: 12.134 Thread 0x0000014e12f20f60 Uncommon trap: reason=unstable_if action=reinterpret pc=0x0000014e223244b8 method=java.lang.StringLatin1.canEncode(I)Z @ 4 c2
Event: 12.134 Thread 0x0000014e12f20f60 DEOPT PACKING pc=0x0000014e223244b8 sp=0x00000003d50fc480
Event: 12.134 Thread 0x0000014e12f20f60 DEOPT UNPACKING pc=0x0000014e1a89239d sp=0x00000003d50fc410 mode 2
Event: 12.159 Thread 0x0000014e12f20f60 Uncommon trap: trap_request=0xffffff45 fr.pc=0x0000014e2232c2f8 relative=0x0000000000000358
Event: 12.159 Thread 0x0000014e12f20f60 Uncommon trap: reason=unstable_if action=reinterpret pc=0x0000014e2232c2f8 method=java.lang.StringLatin1.canEncode(I)Z @ 4 c2
Event: 12.159 Thread 0x0000014e12f20f60 DEOPT PACKING pc=0x0000014e2232c2f8 sp=0x00000003d50fc3e0
Event: 12.159 Thread 0x0000014e12f20f60 DEOPT UNPACKING pc=0x0000014e1a89239d sp=0x00000003d50fc350 mode 2
Event: 12.161 Thread 0x0000014e12f20f60 Uncommon trap: trap_request=0xffffff45 fr.pc=0x0000014e2237319c relative=0x000000000000027c
Event: 12.161 Thread 0x0000014e12f20f60 Uncommon trap: reason=unstable_if action=reinterpret pc=0x0000014e2237319c method=java.lang.String.startsWith(Ljava/lang/String;I)Z @ 50 c2
Event: 12.161 Thread 0x0000014e12f20f60 DEOPT PACKING pc=0x0000014e2237319c sp=0x00000003d50fd130
Event: 12.161 Thread 0x0000014e12f20f60 DEOPT UNPACKING pc=0x0000014e1a89239d sp=0x00000003d50fd090 mode 2
Event: 12.162 Thread 0x0000014e12f20f60 Uncommon trap: trap_request=0xffffff45 fr.pc=0x0000014e2236b2a8 relative=0x0000000000000408
Event: 12.162 Thread 0x0000014e12f20f60 Uncommon trap: reason=unstable_if action=reinterpret pc=0x0000014e2236b2a8 method=java.lang.String.substring(II)Ljava/lang/String; @ 31 c2
Event: 12.162 Thread 0x0000014e12f20f60 DEOPT PACKING pc=0x0000014e2236b2a8 sp=0x00000003d50fd170
Event: 12.162 Thread 0x0000014e12f20f60 DEOPT UNPACKING pc=0x0000014e1a89239d sp=0x00000003d50fd140 mode 2

Classes loaded (20 events):
Event: 11.927 Loading class java/io/WriterCustomizer
Event: 11.927 Loading class java/io/WriterCustomizer done
Event: 11.927 Loading class java/io/WriterCustomizer
Event: 11.927 Loading class java/io/WriterCustomizer done
Event: 11.927 Loading class java/io/StringWriterCustomizer
Event: 11.927 Loading class java/io/StringWriterCustomizer done
Event: 11.927 Loading class java/io/StringWriterCustomizer
Event: 11.927 Loading class java/io/StringWriterCustomizer done
Event: 12.096 Loading class java/io/PushbackReader
Event: 12.097 Loading class java/io/FilterReader
Event: 12.098 Loading class java/io/FilterReader done
Event: 12.098 Loading class java/io/PushbackReader done
Event: 12.138 Loading class java/io/PrintWriterBeanInfo
Event: 12.138 Loading class java/io/PrintWriterBeanInfo done
Event: 12.138 Loading class java/io/PrintWriterBeanInfo
Event: 12.138 Loading class java/io/PrintWriterBeanInfo done
Event: 12.138 Loading class java/io/PrintWriterCustomizer
Event: 12.138 Loading class java/io/PrintWriterCustomizer done
Event: 12.139 Loading class java/io/PrintWriterCustomizer
Event: 12.139 Loading class java/io/PrintWriterCustomizer done

Classes unloaded (0 events):
No events

Classes redefined (0 events):
No events

Internal exceptions (20 events):
Event: 11.905 Thread 0x0000014e12f20f60 Exception <a 'java/lang/ClassNotFoundException'{0x00000000c62db6f8}: groovy/xml/XmlParserCustomizer> (0x00000000c62db6f8) 
thrown [s\open\src\hotspot\share\classfile\systemDictionary.cpp, line 255]
Event: 11.919 Thread 0x0000014e12f20f60 Exception <a 'java/lang/ClassNotFoundException'{0x00000000c6128100}: io/restassured/internal/path/xml/XmlPrettifierBeanInfo> (0x00000000c6128100) 
thrown [s\open\src\hotspot\share\classfile\systemDictionary.cpp, line 255]
Event: 11.919 Thread 0x0000014e12f20f60 Exception <a 'java/lang/ClassNotFoundException'{0x00000000c612c568}: io/restassured/internal/path/xml/XmlPrettifierCustomizer> (0x00000000c612c568) 
thrown [s\open\src\hotspot\share\classfile\systemDictionary.cpp, line 255]
Event: 11.926 Thread 0x0000014e12f20f60 Exception <a 'java/lang/ClassNotFoundException'{0x00000000c615a0d8}: java/io/StringWriterBeanInfo> (0x00000000c615a0d8) 
thrown [s\open\src\hotspot\share\classfile\systemDictionary.cpp, line 255]
Event: 11.927 Thread 0x0000014e12f20f60 Exception <a 'java/lang/ClassNotFoundException'{0x00000000c615b2e8}: java/io/WriterBeanInfo> (0x00000000c615b2e8) 
thrown [s\open\src\hotspot\share\classfile\systemDictionary.cpp, line 255]
Event: 11.927 Thread 0x0000014e12f20f60 Exception <a 'java/lang/ClassNotFoundException'{0x00000000c615c4c0}: java/io/WriterCustomizer> (0x00000000c615c4c0) 
thrown [s\open\src\hotspot\share\classfile\systemDictionary.cpp, line 255]
Event: 11.927 Thread 0x0000014e12f20f60 Exception <a 'java/lang/ClassNotFoundException'{0x00000000c6166238}: java/io/StringWriterCustomizer> (0x00000000c6166238) 
thrown [s\open\src\hotspot\share\classfile\systemDictionary.cpp, line 255]
Event: 12.100 Thread 0x0000014e12f20f60 Implicit null exception at 0x0000014e2242d6d5 to 0x0000014e2242ea78
Event: 12.109 Thread 0x0000014e12f20f60 Exception <a 'java/lang/ClassNotFoundException'{0x00000000c61fdae0}: groovy/util/NodeBeanInfo> (0x00000000c61fdae0) 
thrown [s\open\src\hotspot\share\classfile\systemDictionary.cpp, line 255]
Event: 12.110 Thread 0x0000014e12f20f60 Exception <a 'java/lang/ClassNotFoundException'{0x00000000c6002208}: groovy/util/NodeCustomizer> (0x00000000c6002208) 
thrown [s\open\src\hotspot\share\classfile\systemDictionary.cpp, line 255]
Event: 12.119 Thread 0x0000014e12f20f60 Exception <a 'java/lang/ClassNotFoundException'{0x00000000c6035c68}: groovy/util/NodeListBeanInfo> (0x00000000c6035c68) 
thrown [s\open\src\hotspot\share\classfile\systemDictionary.cpp, line 255]
Event: 12.120 Thread 0x0000014e12f20f60 Exception <a 'java/lang/ClassNotFoundException'{0x00000000c603a4a8}: groovy/util/NodeListCustomizer> (0x00000000c603a4a8) 
thrown [s\open\src\hotspot\share\classfile\systemDictionary.cpp, line 255]
Event: 12.138 Thread 0x0000014e12f20f60 Exception <a 'java/lang/ClassNotFoundException'{0x00000000c607e328}: java/io/PrintWriterBeanInfo> (0x00000000c607e328) 
thrown [s\open\src\hotspot\share\classfile\systemDictionary.cpp, line 255]
Event: 12.139 Thread 0x0000014e12f20f60 Exception <a 'java/lang/ClassNotFoundException'{0x00000000c607f520}: java/io/PrintWriterCustomizer> (0x00000000c607f520) 
thrown [s\open\src\hotspot\share\classfile\systemDictionary.cpp, line 255]
Event: 12.147 Thread 0x0000014e12f20f60 Exception <a 'java/lang/ClassNotFoundException'{0x00000000c60aa428}: groovy/xml/XmlNodePrinterBeanInfo> (0x00000000c60aa428) 
thrown [s\open\src\hotspot\share\classfile\systemDictionary.cpp, line 255]
Event: 12.147 Thread 0x0000014e12f20f60 Exception <a 'java/lang/ClassNotFoundException'{0x00000000c60ae768}: groovy/xml/XmlNodePrinterCustomizer> (0x00000000c60ae768) 
thrown [s\open\src\hotspot\share\classfile\systemDictionary.cpp, line 255]
Event: 12.170 Thread 0x0000014e12f20f60 Exception <a 'java/lang/ClassNotFoundException'{0x00000000c5f2a328}: io/restassured/path/json/config/JsonPathConfigBeanInfo> (0x00000000c5f2a328) 
thrown [s\open\src\hotspot\share\classfile\systemDictionary.cpp, line 255]
Event: 12.171 Thread 0x0000014e12f20f60 Exception <a 'java/lang/ClassNotFoundException'{0x00000000c5f2e790}: io/restassured/path/json/config/JsonPathConfigCustomizer> (0x00000000c5f2e790) 
thrown [s\open\src\hotspot\share\classfile\systemDictionary.cpp, line 255]
Event: 12.182 Thread 0x0000014e12f20f60 Exception <a 'java/lang/ClassNotFoundException'{0x00000000c5f63c88}: io/restassured/config/ObjectMapperConfigBeanInfo> (0x00000000c5f63c88) 
thrown [s\open\src\hotspot\share\classfile\systemDictionary.cpp, line 255]
Event: 12.183 Thread 0x0000014e12f20f60 Exception <a 'java/lang/ClassNotFoundException'{0x00000000c5f67de8}: io/restassured/config/ObjectMapperConfigCustomizer> (0x00000000c5f67de8) 
thrown [s\open\src\hotspot\share\classfile\systemDictionary.cpp, line 255]

VM Operations (20 events):
Event: 9.935 Executing VM operation: HandshakeAllThreads
Event: 9.935 Executing VM operation: HandshakeAllThreads done
Event: 10.005 Executing VM operation: HandshakeAllThreads
Event: 10.005 Executing VM operation: HandshakeAllThreads done
Event: 10.094 Executing VM operation: HandshakeAllThreads
Event: 10.094 Executing VM operation: HandshakeAllThreads done
Event: 11.002 Executing VM operation: CollectForMetadataAllocation
Event: 11.028 Executing VM operation: CollectForMetadataAllocation done
Event: 11.075 Executing VM operation: G1Concurrent
Event: 11.080 Executing VM operation: G1Concurrent done
Event: 11.097 Executing VM operation: G1Concurrent
Event: 11.098 Executing VM operation: G1Concurrent done
Event: 12.106 Executing VM operation: HandshakeAllThreads
Event: 12.106 Executing VM operation: HandshakeAllThreads done
Event: 12.106 Executing VM operation: Cleanup
Event: 12.106 Executing VM operation: Cleanup done
Event: 12.115 Executing VM operation: HandshakeAllThreads
Event: 12.115 Executing VM operation: HandshakeAllThreads done
Event: 12.132 Executing VM operation: HandshakeAllThreads
Event: 12.132 Executing VM operation: HandshakeAllThreads done

Events (20 events):
Event: 1.135 Thread 0x0000014e2e1123f0 Thread added: 0x0000014e2e1123f0
Event: 1.135 Thread 0x0000014e2e114cb0 Thread added: 0x0000014e2e114cb0
Event: 1.135 Thread 0x0000014e2e115560 Thread added: 0x0000014e2e115560
Event: 1.135 Thread 0x0000014e2e116140 Thread added: 0x0000014e2e116140
Event: 1.137 Thread 0x0000014e2e116a30 Thread added: 0x0000014e2e116a30
Event: 1.142 Thread 0x0000014e2e1960e0 Thread added: 0x0000014e2e1960e0
Event: 1.678 Thread 0x0000014e2e1e9710 Thread added: 0x0000014e2e1e9710
Event: 1.718 Loaded shared library C:\Users\Miller\.jdks\openjdk-18.0.2\bin\zip.dll
Event: 1.725 Loaded shared library C:\Users\Miller\.jdks\openjdk-18.0.2\bin\instrument.dll
Event: 1.737 Loaded shared library C:\Users\Miller\.jdks\openjdk-18.0.2\bin\net.dll
Event: 1.740 Loaded shared library C:\Users\Miller\.jdks\openjdk-18.0.2\bin\nio.dll
Event: 1.747 Loaded shared library C:\Users\Miller\.jdks\openjdk-18.0.2\bin\zip.dll
Event: 2.295 Loaded shared library E:\IntelliJ IDEA 2021.3\bin\breakgen64.dll
Event: 2.297 Thread 0x0000014e325bdad0 Thread added: 0x0000014e325bdad0
Event: 2.297 Thread 0x0000014e325bdf90 Thread added: 0x0000014e325bdf90
Event: 5.485 Loaded shared library C:\Users\Miller\.jdks\openjdk-18.0.2\bin\jimage.dll
Event: 6.887 Loaded shared library C:\Users\Miller\.jdks\openjdk-18.0.2\bin\verify.dll
Event: 9.344 Thread 0x0000014e324f7710 Thread added: 0x0000014e324f7710
Event: 9.346 Thread 0x0000014e32474fd0 Thread added: 0x0000014e32474fd0
Event: 10.972 Loaded shared library C:\Users\Miller\.jdks\openjdk-18.0.2\bin\sunmscapi.dll


Dynamic libraries:
0x00007ff6a8140000 - 0x00007ff6a814e000 	C:\Users\Miller\.jdks\openjdk-18.0.2\bin\java.exe
0x00007ffdef5d0000 - 0x00007ffdef7c8000 	C:\Windows\SYSTEM32\ntdll.dll
0x00007ffdee000000 - 0x00007ffdee0bd000 	C:\Windows\System32\KERNEL32.DLL
0x00007ffdecce0000 - 0x00007ffdecfb2000 	C:\Windows\System32\KERNELBASE.dll
0x00007ffded0c0000 - 0x00007ffded1c0000 	C:\Windows\System32\ucrtbase.dll
0x00007ffdd42e0000 - 0x00007ffdd42fa000 	C:\Users\Miller\.jdks\openjdk-18.0.2\bin\VCRUNTIME140.dll
0x00007ffdd02c0000 - 0x00007ffdd02d7000 	C:\Users\Miller\.jdks\openjdk-18.0.2\bin\jli.dll
0x00007ffdd53b0000 - 0x00007ffdd564a000 	C:\Windows\WinSxS\amd64_microsoft.windows.common-controls_6595b64144ccf1df_6.0.19041.1110_none_60b5254171f9507e\COMCTL32.dll
0x00007ffdedc80000 - 0x00007ffdedd1e000 	C:\Windows\System32\msvcrt.dll
0x00007ffdee0d0000 - 0x00007ffdee0fb000 	C:\Windows\System32\GDI32.dll
0x00007ffdecfc0000 - 0x00007ffdecfe2000 	C:\Windows\System32\win32u.dll
0x00007ffded520000 - 0x00007ffded62f000 	C:\Windows\System32\gdi32full.dll
0x00007ffdecff0000 - 0x00007ffded08d000 	C:\Windows\System32\msvcp_win.dll
0x00007ffdee100000 - 0x00007ffdee29d000 	C:\Windows\System32\USER32.dll
0x00007ffdeddd0000 - 0x00007ffdede00000 	C:\Windows\System32\IMM32.DLL
0x00007ffde7dd0000 - 0x00007ffde7ddc000 	C:\Users\Miller\.jdks\openjdk-18.0.2\bin\vcruntime140_1.dll
0x00007ffdbd9c0000 - 0x00007ffdbda4d000 	C:\Users\Miller\.jdks\openjdk-18.0.2\bin\msvcp140.dll
0x00007ffd8f530000 - 0x00007ffd90141000 	C:\Users\Miller\.jdks\openjdk-18.0.2\bin\server\jvm.dll
0x00007ffdedd20000 - 0x00007ffdeddce000 	C:\Windows\System32\ADVAPI32.dll
0x00007ffded690000 - 0x00007ffded72c000 	C:\Windows\System32\sechost.dll
0x00007ffdeea70000 - 0x00007ffdeeb95000 	C:\Windows\System32\RPCRT4.dll
0x00007ffdee0c0000 - 0x00007ffdee0c8000 	C:\Windows\System32\PSAPI.DLL
0x00007ffdc3830000 - 0x00007ffdc3839000 	C:\Windows\SYSTEM32\WSOCK32.dll
0x00007ffdee950000 - 0x00007ffdee9bb000 	C:\Windows\System32\WS2_32.dll
0x00007ffdd6b10000 - 0x00007ffdd6b37000 	C:\Windows\SYSTEM32\WINMM.dll
0x00007ffde6490000 - 0x00007ffde649a000 	C:\Windows\SYSTEM32\VERSION.dll
0x00007ffdeb4f0000 - 0x00007ffdeb502000 	C:\Windows\SYSTEM32\kernel.appcore.dll
0x00007ffde6c30000 - 0x00007ffde6c3a000 	C:\Users\Miller\.jdks\openjdk-18.0.2\bin\jimage.dll
0x00007ffdea8f0000 - 0x00007ffdeaad4000 	C:\Windows\SYSTEM32\DBGHELP.DLL
0x00007ffde2f90000 - 0x00007ffde2fbc000 	C:\Windows\SYSTEM32\dbgcore.DLL
0x00007ffded370000 - 0x00007ffded3f2000 	C:\Windows\System32\bcryptPrimitives.dll
0x00007ffdc6850000 - 0x00007ffdc685e000 	C:\Users\Miller\.jdks\openjdk-18.0.2\bin\instrument.dll
0x00007ffdc6870000 - 0x00007ffdc6895000 	C:\Users\Miller\.jdks\openjdk-18.0.2\bin\java.dll
0x00007ffdb6b20000 - 0x00007ffdb6bf6000 	C:\Users\Miller\.jdks\openjdk-18.0.2\bin\jsvml.dll
0x00007ffdeee40000 - 0x00007ffdef583000 	C:\Windows\System32\SHELL32.dll
0x00007ffdead40000 - 0x00007ffdeb4d1000 	C:\Windows\SYSTEM32\windows.storage.dll
0x00007ffded840000 - 0x00007ffdedb94000 	C:\Windows\System32\combase.dll
0x00007ffdec660000 - 0x00007ffdec690000 	C:\Windows\SYSTEM32\Wldp.dll
0x00007ffdee9c0000 - 0x00007ffdeea6d000 	C:\Windows\System32\SHCORE.dll
0x00007ffded7e0000 - 0x00007ffded835000 	C:\Windows\System32\shlwapi.dll
0x00007ffdecc20000 - 0x00007ffdecc3f000 	C:\Windows\SYSTEM32\profapi.dll
0x00007ffdc1fc0000 - 0x00007ffdc1fd8000 	C:\Users\Miller\.jdks\openjdk-18.0.2\bin\zip.dll
0x00007ffdc6810000 - 0x00007ffdc6823000 	C:\Users\Miller\.jdks\openjdk-18.0.2\bin\net.dll
0x00007ffde5a50000 - 0x00007ffde5b5d000 	C:\Windows\SYSTEM32\WINHTTP.dll
0x00007ffdec440000 - 0x00007ffdec4aa000 	C:\Windows\system32\mswsock.dll
0x00007ffdc1fe0000 - 0x00007ffdc1ff6000 	C:\Users\Miller\.jdks\openjdk-18.0.2\bin\nio.dll
0x00007ffdc6830000 - 0x00007ffdc684a000 	E:\IntelliJ IDEA 2021.3\bin\breakgen64.dll
0x00007ffdec6a0000 - 0x00007ffdec6b8000 	C:\Windows\SYSTEM32\CRYPTSP.dll
0x00007ffdebd10000 - 0x00007ffdebd44000 	C:\Windows\system32\rsaenh.dll
0x00007ffded090000 - 0x00007ffded0b7000 	C:\Windows\System32\bcrypt.dll
0x00007ffdecbe0000 - 0x00007ffdecc0e000 	C:\Windows\SYSTEM32\USERENV.dll
0x00007ffdec5d0000 - 0x00007ffdec5dc000 	C:\Windows\SYSTEM32\CRYPTBASE.dll
0x00007ffdec100000 - 0x00007ffdec13b000 	C:\Windows\SYSTEM32\IPHLPAPI.DLL
0x00007ffdede70000 - 0x00007ffdede78000 	C:\Windows\System32\NSI.dll
0x00007ffde6060000 - 0x00007ffde6077000 	C:\Windows\SYSTEM32\dhcpcsvc6.DLL
0x00007ffde6040000 - 0x00007ffde605d000 	C:\Windows\SYSTEM32\dhcpcsvc.DLL
0x00007ffdec150000 - 0x00007ffdec21a000 	C:\Windows\SYSTEM32\DNSAPI.dll
0x00007ffdc6800000 - 0x00007ffdc6810000 	C:\Users\Miller\.jdks\openjdk-18.0.2\bin\verify.dll
0x00007ffde37a0000 - 0x00007ffde37aa000 	C:\Windows\System32\rasadhlp.dll
0x00007ffde56a0000 - 0x00007ffde5720000 	C:\Windows\System32\fwpuclnt.dll
0x00007ffdcc140000 - 0x00007ffdcc14e000 	C:\Users\Miller\.jdks\openjdk-18.0.2\bin\sunmscapi.dll
0x00007ffded1c0000 - 0x00007ffded316000 	C:\Windows\System32\CRYPT32.dll
0x00007ffdec7b0000 - 0x00007ffdec7d7000 	C:\Windows\SYSTEM32\ncrypt.dll
0x00007ffdec770000 - 0x00007ffdec7ab000 	C:\Windows\SYSTEM32\NTASN1.dll

dbghelp: loaded successfully - version: 4.0.5 - missing functions: none
symbol engine: initialized successfully - sym options: 0x614 - pdb path: .;C:\Users\Miller\.jdks\openjdk-18.0.2\bin;C:\Windows\SYSTEM32;C:\Windows\WinSxS\amd64_microsoft.windows.common-controls_6595b64144ccf1df_6.0.19041.1110_none_60b5254171f9507e;C:\Users\Miller\.jdks\openjdk-18.0.2\bin\server;E:\IntelliJ IDEA 2021.3\bin

VM Arguments:
jvm_args: -ea -Didea.test.cyclic.buffer.size=1048576 -javaagent:E:\IntelliJ IDEA 2021.3\lib\idea_rt.jar=59976:E:\IntelliJ IDEA 2021.3\bin -Dfile.encoding=UTF-8 
java_command: com.intellij.rt.testng.RemoteTestNGStarter -usedefaultlisteners false -socket59975 @w@C:\Users\Miller\AppData\Local\Temp\idea_working_dirs_testng.tmp -temp C:\Users\Miller\AppData\Local\Temp\idea_testng.tmp
java_class_path (initial): E:\IntelliJ IDEA 2021.3\lib\idea_rt.jar;E:\IntelliJ IDEA 2021.3\plugins\testng\lib\testng-rt.jar;S:\AutomationQA\target\test-classes;S:\AutomationQA\target\classes;C:\Users\Miller\.m2\repository\io\github\qsy7\java\modules\browser\drivers\firefoxdriver\0.1.2\firefoxdriver-0.1.2.jar;C:\Users\Miller\.m2\repository\org\seleniumhq\selenium\selenium-firefox-driver\4.0.0\selenium-firefox-driver-4.0.0.jar;C:\Users\Miller\.m2\repository\com\google\auto\service\auto-service-annotations\1.0\auto-service-annotations-1.0.jar;C:\Users\Miller\.m2\repository\com\google\auto\service\auto-service\1.0\auto-service-1.0.jar;C:\Users\Miller\.m2\repository\com\google\auto\auto-common\1.0\auto-common-1.0.jar;C:\Users\Miller\.m2\repository\com\google\guava\guava\31.0.1-jre\guava-31.0.1-jre.jar;C:\Users\Miller\.m2\repository\com\google\guava\failureaccess\1.0.1\failureaccess-1.0.1.jar;C:\Users\Miller\.m2\repository\com\google\guava\listenablefuture\9999.0-empty-to-avoid-conflict-with-guava\listenablefuture-9999.0-empty-to-avoid-conflict-with-guava.jar;C:\Users\Miller\.m2\repository\com\google\code\findbugs\jsr305\3.0.2\jsr305-3.0.2.jar;C:\Users\Miller\.m2\repository\org\checkerframework\checker-qual\3.12.0\checker-qual-3.12.0.jar;C:\Users\Miller\.m2\repository\com\google\errorprone\error_prone_annotations\2.7.1\error_prone_annotations-2.7.1.jar;C:\Users\Miller\.m2\repository\com\google\j2objc\j2objc-annotations\1.3\j2objc-annotations-1.3.jar;C:\Users\Miller\.m2\repository\org\seleniumhq\selenium\selenium-devtools-v85\4.0.0\selenium-devtools-v85-4.0.0.jar;C:\Users\Miller\.m2\repository\org\seleniumhq\selenium\selenium-json\4.0.0\selenium-json-4.0.0.jar;C:\Users\Miller\.m2\repository\org\seleniumhq\selenium\selenium-remote-driver\4.0.0\selenium-remote-driver-4.0.0.jar;C:\Users\Miller\.m2\repository\io\netty\netty-buffer\4.1.68.Final\netty-buffer-4.1.68.Final.jar;C:\Users\Miller\.m2\repository\io\netty\netty-codec-http\4.1.67.Final\netty-codec-http-4.1.67.Final.jar;C:\Users\Miller\.m2\repository\io\netty\netty-codec\4.1.67.Final\netty-codec-4.1.67.Final.jar;C:\Users\Miller\.m2\repository\io\netty\netty-handler\4.1.67.Final\netty-handler-4.1.67.Final.jar;C:\Users\Miller\.m2\repository\io\netty\netty-common\4.1.68.Final\netty-common-4.1.68.Final.jar;C:\Users\Miller\.m2\repository\io\netty\netty-transport-native-epoll\4.1.67.Final\netty-transport-native-epoll-4.1.67.Final.jar;C:\Users\Miller\.m2\repository\io\netty\netty-transport-native-kqueue\4.1.67.Final\netty-transport-native-kqueue-4.1.67.Final.jar;C:\Users\Miller\.m2\repository\io\netty\netty-transport-native-unix-common\4.1.67.Final\netty-transport-native-unix-common-4.1.67.Final.jar;C:\Users\Miller\.m2\repository\io\netty\netty-transport\4.1.68.Final\netty-transport-4.1.68.Final.jar;C:\Users\Miller\.m2\repository\io\netty\netty-resolver\4.1.68.Final\netty-resolver-4.1.68.Final.jar;C:\Users\Miller\.m2\repository\io\opentelemetry\opentelemetry-api\1.6.0\opentelemetry-api-1.6.0.jar;C:\Users\Miller\.m2\repository\io\opentelemetry\opentelemetry-context\1.6.0\opentelemetry-context-1.6.0.jar;C:\Users\Miller\.m2\repository\io\opentelemetry\opentelemetry-exporter-logging\1.6.0\opentelemetry-exporter-logging-1.6.0.jar;C:\Users\Miller\.m2\repository\io\opentelemetry\opentelemetry-sdk-metrics\1.6.0-alpha\opentelemetry-sdk-metrics-1.6.0-alpha.jar;C:\Users\Miller\.m2\repository\io\opentelemetry\opentelemetry-sdk-common\1.6.0\opentelemetry-sdk-common-1.6.0.jar;C:\Users\Miller\.m2\repository\io\opentelemetry\opentelemetry-sdk-extension-autoconfigure-spi\1.6.0\opentelemetry-sdk-extension-autoconfigure-spi-1.6.0.jar;C:\Users\Miller\.m2\repository\io\opentelemetry\opentelemetry-sdk-extension-autoconfigure\1.6.0-alpha\opentelemetry-sdk-extension-autoconfigure-1.6.0-alpha.jar;C:\Users\Miller\.m2\repository\io\opentelemetry\opentelemetry-sdk-trace\1.6.0\opentelemetry-sdk-trace-1.6.0.jar;C:\Users\Miller\.m2\repository\io\opentelemetry\opentelemetry-api-metrics\1.6.0-alpha\opentelemetry-api-metrics-1.6.0-alpha.jar;C:\Users\Miller\.m2\repository\io\opentelemetry\opentelemetry-sdk\1.6.0\opentelemetry-sdk-1.6.0.jar;C:\Users\Miller\.m2\repository\io\opentelemetry\opentelemetry-semconv\1.6.0-alpha\opentelemetry-semconv-1.6.0-alpha.jar;C:\Users\Miller\.m2\repository\io\ous\jtoml\2.0.0\jtoml-2.0.0.jar;C:\Users\Miller\.m2\repository\net\bytebuddy\byte-buddy\1.11.19\byte-buddy-1.11.19.jar;C:\Users\Miller\.m2\repository\org\apache\commons\commons-exec\1.3\commons-exec-1.3.jar;C:\Users\Miller\.m2\repository\org\asynchttpclient\async-http-client\2.12.3\async-http-client-2.12.3.jar;C:\Users\Miller\.m2\repository\org\asynchttpclient\async-http-client-netty-utils\2.12.3\async-http-client-netty-utils-2.12.3.jar;C:\Users\Miller\.m2\repository\io\netty\netty-codec-socks\4.1.60.Final\netty-codec-socks-4.1.60.Final.jar;C:\Users\Miller\.m2\repository\io\netty\netty-handler-proxy\4.1.60.Final\netty-handler-proxy-4.1.60.Final.jar;C:\Users\Miller\.m2\repository\io\netty\netty-transport-native-epoll\4.1.60.Final\netty-transport-native-epoll-4.1.60.Final-linux-x86_64.jar;C:\Users\Miller\.m2\repository\io\netty\netty-transport-native-kqueue\4.1.60.Final\netty-transport-native-kqueue-4.1.60.Final-osx-x86_64.jar;C:\Users\Miller\.m2\repository\org\reactivestreams\reactive-streams\1.0.3\reactive-streams-1.0.3.jar;C:\Users\Miller\.m2\repository\com\typesafe\netty\netty-reactive-streams\2.0.4\netty-reactive-streams-2.0.4.jar;C:\Users\Miller\.m2\repository\com\sun\activation\jakarta.activation\1.2.2\jakarta.activation-1.2.2.jar;C:\Users\Miller\.m2\repository\org\seleniumhq\selenium\selenium-http\4.0.0\selenium-http-4.0.0.jar;C:\Users\Miller\.m2\repository\io\github\qsy7\java\modules\browser\api\service\0.1.2\service-0.1.2.jar;C:\Users\Miller\.m2\repository\io\github\qsy7\java\modules\browser\api\model\0.1.2\model-0.1.2.jar;C:\Users\Miller\.m2\repository\io\github\qsy7\java\infrastructure\property\api\0.1.2\api-0.1.2.jar;C:\Users\Miller\.m2\repository\org\reflections\reflections\0.10.2\reflections-0.10.2.jar;C:\Users\Miller\.m2\repository\org\javassist\javassist\3.28.0-GA\javassist-3.28.0-GA.jar;C:\Users\Miller\.m2\repository\org\dom4j\dom4j\2.1.3\dom4j-2.1.3.jar;C:\Users\Miller\.m2\repository\io\github\qsy7\java\modules\identity\api\model\0.1.2\model-0.1.2.jar;C:\Users\Miller\.m2\repository\io\github\qsy7\java\modules\person\api\model\0.1.2\model-0.1.2.jar;C:\Users\Miller\.m2\repository\org\passay\passay\1.6.1\passay-1.6.1.jar;C:\Users\Miller\.m2\repository\io\github\qsy7\java\modules\serialization\api\service\0.1.2\service-0.1.2.jar;C:\Users\Miller\.m2\repository\io\github\qsy7\java\modules\serialization\api\model\0.1.2\model-0.1.2.jar;C:\Users\Miller\.m2\repository\io\github\qsy7\java\modules\keep-alive\0.1.2\keep-alive-0.1.2.jar;C:\Users\Miller\.m2\repository\io\github\qsy7\java\modules\file\modules\resources\0.1.2\resources-0.1.2.jar;C:\Users\Miller\.m2\repository\io\github\qsy7\java\infrastructure\inject\modules\cli\api\0.1.2\api-0.1.2.jar;C:\Users\Miller\.m2\repository\io\github\qsy7\java\aspects\closeable\0.1.2\closeable-0.1.2.jar;C:\Users\Miller\.m2\repository\net\bytebuddy\byte-buddy-agent\1.12.0\byte-buddy-agent-1.12.0.jar;C:\Users\Miller\.m2\repository\io\github\qsy7\java\infrastructure\datastore\api\repository\0.1.2\repository-0.1.2.jar;C:\Users\Miller\.m2\repository\io\github\qsy7\java\infrastructure\datastore\api\model\0.1.2\model-0.1.2.jar;C:\Users\Miller\.m2\repository\javax\persistence\javax.persistence-api\2.2\javax.persistence-api-2.2.jar;C:\Users\Miller\.m2\repository\javax\xml\bind\jaxb-api\2.4.0-b180830.0359\jaxb-api-2.4.0-b180830.0359.jar;C:\Users\Miller\.m2\repository\javax\activation\javax.activation-api\1.2.0\javax.activation-api-1.2.0.jar;C:\Users\Miller\.m2\repository\com\sun\xml\bind\jaxb-core\3.0.2\jaxb-core-3.0.2.jar;C:\Users\Miller\.m2\repository\jakarta\xml\bind\jakarta.xml.bind-api\3.0.1\jakarta.xml.bind-api-3.0.1.jar;C:\Users\Miller\.m2\repository\com\sun\xml\bind\jaxb-impl\3.0.2\jaxb-impl-3.0.2.jar;C:\Users\Miller\.m2\repository\javax\transaction\javax.transaction-api\1.3\javax.transaction-api-1.3.jar;C:\Users\Miller\.m2\repository\org\seleniumhq\selenium\selenium-support\4.0.0\selenium-support-4.0.0.jar;C:\Users\Miller\.m2\repository\org\seleniumhq\selenium\selenium-api\4.0.0\selenium-api-4.0.0.jar;C:\Users\Miller\.m2\repository\org\seleniumhq\selenium\selenium-java\4.0.0\selenium-java-4.0.0.jar;C:\Users\Miller\.m2\repository\org\seleniumhq\selenium\selenium-devtools-v93\4.0.0\selenium-devtools-v93-4.0.0.jar;C:\Users\Miller\.m2\repository\org\seleniumhq\selenium\selenium-devtools-v94\4.0.0\selenium-devtools-v94-4.0.0.jar;C:\Users\Miller\.m2\repository\org\seleniumhq\selenium\selenium-devtools-v95\4.0.0\selenium-devtools-v95-4.0.0.jar;C:\Users\Miller\.m2\repository\org\seleniumhq\selenium\selenium-edge-driver\4.0.0\selenium-edge-driver-4.0.0.jar;C:\Users\Miller\.m2\repository\org\seleniumhq\selenium\selenium-firefox-xpi-driver\4.0.0\selenium-firefox-xpi-driver-4.0.0.jar;C:\Users\Miller\.m2\repository\org\seleniumhq\selenium\selenium-ie-driver\4.0.0\selenium-ie-driver-4.0.0.jar;C:\Users\Miller\.m2\repository\org\seleniumhq\selenium\selenium-opera-driver\4.0.0\selenium-opera-driver-4.0.0.jar;C:\Users\Miller\.m2\repository\org\seleniumhq\selenium\selenium-safari-driver\4.0.0\selenium-safari-driver-4.0.0.jar;C:\Users\Miller\.m2\repository\io\github\qsy7\java\modules\browser\impl\0.1.2\impl-0.1.2.jar;C:\Users\Miller\.m2\repository\io\github\qsy7\java\modules\file\api\service\0.1.2\service-0.1.2.jar;C:\Users\Miller\.m2\repository\io\github\qsy7\java\modules\file\api\model\0.1.2\model-0.1.2.jar;C:\Users\Miller\.m2\repository\io\github\qsy7\java\modules\file\impl\0.1.2\impl-0.1.2.jar;C:\Users\Miller\.m2\repository\io\github\qsy7\java\modules\compression\api\service\0.1.2\service-0.1.2.jar;C:\Users\Miller\.m2\repository\io\github\qsy7\java\modules\compression\api\model\0.1.2\model-0.1.2.jar;C:\Users\Miller\.m2\repository\org\tukaani\xz\1.9\xz-1.9.jar;C:\Users\Miller\.m2\repository\io\github\qsy7\java\modules\compression\modules\xz\impl\0.1.2\impl-0.1.2.jar;C:\Users\Miller\.m2\repository\io\github\qsy7\java\modules\encryption\api\0.1.2\api-0.1.2.jar;C:\Users\Miller\.m2\repository\io\github\qsy7\java\modules\encryption\impl\0.1.2\impl-0.1.2.jar;C:\Users\Miller\.m2\repository\org\apache\commons\commons-text\1.9\commons-text-1.9.jar;C:\Users\Miller\.m2\repository\org\apache\commons\commons-crypto\1.1.0\commons-crypto-1.1.0.jar;C:\Users\Miller\.m2\repository\io\github\qsy7\java\infrastructure\inject\core\0.1.2\core-0.1.2.jar;C:\Users\Miller\.m2\repository\javax\inject\javax.inject\1\javax.inject-1.jar;C:\Users\Miller\.m2\repository\io\github\qsy7\java\infrastructure\property\impl\0.1.2\impl-0.1.2.jar;C:\Users\Miller\.m2\repository\io\github\qsy7\java\aspects\logging\api\0.1.2\api-0.1.2.jar;C:\Users\Miller\.m2\repository\javax\enterprise\cdi-api\2.0.SP1\cdi-api-2.0.SP1.jar;C:\Users\Miller\.m2\repository\javax\el\javax.el-api\3.0.0\javax.el-api-3.0.0.jar;C:\Users\Miller\.m2\repository\javax\interceptor\javax.interceptor-api\1.2\javax.interceptor-api-1.2.jar;C:\Users\Miller\.m2\repository\io\github\qsy7\java\infrastructure\property\modules\environment\0.1.2\environment-0.1.2.jar;C:\Users\Miller\.m2\repository\io\github\qsy7\java\infrastructure\property\modules\manifest\0.1.2\manifest-0.1.2.jar;C:\Users\Miller\.m2\repository\com\jcabi\jcabi-manifests\1.1\jcabi-manifests-1.1.jar;C:\Users\Miller\.m2\repository\com\jcabi\jcabi-log\0.14\jcabi-log-0.14.jar;C:\Users\Miller\.m2\repository\io\github\qsy7\java\modules\shell\api\model\0.1.2\model-0.1.2.jar;C:\Users\Miller\.m2\repository\io\github\qsy7\java\infrastructure\datastore\impl\0.1.2\impl-0.1.2.jar;C:\Users\Miller\.m2\repository\com\google\inject\extensions\guice-multibindings\4.2.2\guice-multibindings-4.2.2.jar;C:\Users\Miller\.m2\repository\com\google\inject\guice\4.2.2\guice-4.2.2.jar;C:\Users\Miller\.m2\repository\aopalliance\aopalliance\1.0\aopalliance-1.0.jar;C:\Users\Miller\.m2\repository\com\machinepublishers\jbrowserdriver\1.1.1\jbrowserdriver-1.1.1.jar;C:\Users\Miller\.m2\repository\org\apache\httpcomponents\httpclient-cache\4.5.10\httpclient-cache-4.5.10.jar;C:\Users\Miller\.m2\repository\org\seleniumhq\selenium\selenium-server\4.0.0-alpha-2\selenium-server-4.0.0-alpha-2.jar;C:\Users\Miller\.m2\repository\org\zeroturnaround\zt-process-killer\1.10\zt-process-killer-1.10.jar;C:\Users\Miller\.m2\repository\org\zeroturnaround\zt-exec\1.7\zt-exec-1.7.jar;C:\Users\Miller\.m2\repository\io\github\classgraph\classgraph\4.8.47\classgraph-4.8.47.jar;C:\Users\Miller\.m2\repository\commons-lang\commons-lang\2.6\commons-lang-2.6.jar;C:\Users\Miller\.m2\repository\io\github\qsy7\java\modules\browser\drivers\chromedriver\0.1.2\chromedriver-0.1.2.jar;C:\Users\Miller\.m2\repository\org\seleniumhq\selenium\selenium-chrome-driver\4.0.0\selenium-chrome-driver-4.0.0.jar;C:\Users\Miller\.m2\repository\org\seleniumhq\selenium\selenium-chromium-driver\4.0.0\selenium-chromium-driver-4.0.0.jar;C:\Users\Miller\.m2\repository\com\thegoate\testng\0.15.8.202208111012\testng-0.15.8.202208111012.jar;C:\Users\Miller\.m2\repository\com\thegoate\kernel\0.15.8.202208111012\kernel-0.15.8.202208111012.jar;C:\Users\Miller\.m2\repository\org\atteo\classindex\classindex\3.11\classindex-3.11.jar;C:\Users\Miller\.m2\repository\org\testng\testng\7.4.0\testng-7.4.0.jar;C:\Users\Miller\.m2\repository\com\beust\jcommander\1.78\jcommander-1.78.jar;C:\Users\Miller\.m2\repository\org\webjars\jquery\3.5.1\jquery-3.5.1.jar;C:\Users\Miller\.m2\repository\org\apache\commons\commons-lang3\3.12.0\commons-lang3-3.12.0.jar;C:\Users\Miller\.m2\repository\io\github\bonigarcia\webdrivermanager\5.3.0\webdrivermanager-5.3.0.jar;C:\Users\Miller\.m2\repository\com\google\code\gson\gson\2.9.1\gson-2.9.1.jar;C:\Users\Miller\.m2\repository\com\github\docker-java\docker-java\3.2.13\docker-java-3.2.13.jar;C:\Users\Miller\.m2\repository\com\github\docker-java\docker-java-core\3.2.13\docker-java-core-3.2.13.jar;C:\Users\Miller\.m2\repository\com\github\docker-java\docker-java-api\3.2.13\docker-java-api-3.2.13.jar;C:\Users\Miller\.m2\repository\com\fasterxml\jackson\core\jackson-annotations\2.10.3\jackson-annotations-2.10.3.jar;C:\Users\Miller\.m2\repository\commons-io\commons-io\2.6\commons-io-2.6.jar;C:\Users\Miller\.m2\repository\org\apache\commons\commons-compress\1.21\commons-compress-1.21.jar;C:\Users\Miller\.m2\repository\com\fasterxml\jackson\core\jackson-databind\2.10.3\jackson-databind-2.10.3.jar;C:\Users\Miller\.m2\repository\com\fasterxml\jackson\core\jackson-core\2.10.3\jackson-core-2.10.3.jar;C:\Users\Miller\.m2\repository\org\bouncycastle\bcpkix-jdk15on\1.64\bcpkix-jdk15on-1.64.jar;C:\Users\Miller\.m2\repository\org\bouncycastle\bcprov-jdk15on\1.64\bcprov-jdk15on-1.64.jar;C:\Users\Miller\.m2\repository\com\github\docker-java\docker-java-transport-httpclient5\3.2.13\docker-java-transport-httpclient5-3.2.13.jar;C:\Users\Miller\.m2\repository\com\github\docker-java\docker-java-transport\3.2.13\docker-java-transport-3.2.13.jar;C:\Users\Miller\.m2\repository\net\java\dev\jna\jna\5.8.0\jna-5.8.0.jar;C:\Users\Miller\.m2\repository\org\brotli\dec\0.1.2\dec-0.1.2.jar;C:\Users\Miller\.m2\repository\org\apache\httpcomponents\client5\httpclient5\5.1.3\httpclient5-5.1.3.jar;C:\Users\Miller\.m2\repository\org\apache\httpcomponents\core5\httpcore5\5.1.3\httpcore5-5.1.3.jar;C:\Users\Miller\.m2\repository\org\apache\httpcomponents\core5\httpcore5-h2\5.1.3\httpcore5-h2-5.1.3.jar;C:\Users\Miller\.m2\repository\commons-codec\commons-codec\1.15\commons-codec-1.15.jar;C:\Users\Miller\.m2\repository\org\slf4j\slf4j-api\2.0.0\slf4j-api-2.0.0.jar;C:\Users\Miller\.m2\repository\ch\qos\logback\logback-classic\1.3.0\logback-classic-1.3.0.jar;C:\Users\Miller\.m2\repository\ch\qos\logback\logback-core\1.3.0\logback-core-1.3.0.jar;C:\Users\Miller\.m2\repository\org\slf4j\jcl-over-slf4j\2.0.0\jcl-over-slf4j-2.0.0.jar;C:\Users\Miller\.m2\repository\org\slf4j\log4j-over-slf4j\2.0.0\log4j-over-slf4j-2.0.0.jar;C:\Users\Miller\.m2\repository\org\projectlombok\lombok\1.18.24\lombok-1.18.24.jar;C:\Users\Miller\.m2\repository\io\rest-assured\rest-assured\5.2.0\rest-assured-5.2.0.jar;C:\Users\Miller\.m2\repository\org\apache\groovy\groovy\4.0.1\groovy-4.0.1.jar;C:\Users\Miller\.m2\repository\org\apache\groovy\groovy-xml\4.0.1\groovy-xml-4.0.1.jar;C:\Users\Miller\.m2\repository\org\apache\httpcomponents\httpclient\4.5.13\httpclient-4.5.13.jar;C:\Users\Miller\.m2\repository\org\apache\httpcomponents\httpcore\4.4.13\httpcore-4.4.13.jar;C:\Users\Miller\.m2\repository\commons-logging\commons-logging\1.2\commons-logging-1.2.jar;C:\Users\Miller\.m2\repository\org\apache\httpcomponents\httpmime\4.5.13\httpmime-4.5.13.jar;C:\Users\Miller\.m2\repository\org\hamcrest\hamcrest\2.1\hamcrest-2.1.jar;C:\Users\Miller\.m2\repository\org\ccil\cowan\tagsoup\tagsoup\1.2.1\tagsoup-1.2.1.jar;C:\Users\Miller\.m2\repository\io\rest-assured\json-path\5.2.0\json-path-5.2.0.jar;C:\Users\Miller\.m2\repository\org\apache\groovy\groovy-json\4.0.1\groovy-json-4.0.1.jar;C:\Users\Miller\.m2\repository\io\rest-assured\rest-assured-common\5.2.0\rest-assured-common-5.2.0.jar;C:\Users\Miller\.m2\repository\io\rest-assured\xml-path\5.2.0\xml-path-5.2.0.jar
Launcher Type: SUN_STANDARD

[Global flags]
     intx CICompilerCount                          = 3                                         {product} {ergonomic}
     uint ConcGCThreads                            = 1                                         {product} {ergonomic}
     uint G1ConcRefinementThreads                  = 4                                         {product} {ergonomic}
   size_t G1HeapRegionSize                         = 1048576                                   {product} {ergonomic}
    uintx GCDrainStackTargetSize                   = 64                                        {product} {ergonomic}
   size_t InitialHeapSize                          = 65011712                                  {product} {ergonomic}
   size_t MarkStackSize                            = 4194304                                   {product} {ergonomic}
   size_t MaxHeapSize                              = 1027604480                                {product} {ergonomic}
   size_t MaxNewSize                               = 616562688                                 {product} {ergonomic}
   size_t MinHeapDeltaBytes                        = 1048576                                   {product} {ergonomic}
   size_t MinHeapSize                              = 8388608                                   {product} {ergonomic}
    uintx NonNMethodCodeHeapSize                   = 5832780                                {pd product} {ergonomic}
    uintx NonProfiledCodeHeapSize                  = 122912730                              {pd product} {ergonomic}
    uintx ProfiledCodeHeapSize                     = 122912730                              {pd product} {ergonomic}
    uintx ReservedCodeCacheSize                    = 251658240                              {pd product} {ergonomic}
     bool SegmentedCodeCache                       = true                                      {product} {ergonomic}
   size_t SoftMaxHeapSize                          = 1027604480                             {manageable} {ergonomic}
     bool UseCompressedClassPointers               = true                           {product lp64_product} {ergonomic}
     bool UseCompressedOops                        = true                           {product lp64_product} {ergonomic}
     bool UseG1GC                                  = true                                      {product} {ergonomic}
     bool UseLargePagesIndividualAllocation        = false                                  {pd product} {ergonomic}

Logging:
Log output configuration:
 #0: stdout all=warning uptime,level,tags foldmultilines=false
 #1: stderr all=off uptime,level,tags foldmultilines=false

Environment Variables:
JAVA_HOME=E:\TheJavaProg\jdk-16.0.2
PATH=C:\Program Files\Common Files\Oracle\Java\javapath;C:\Program Files (x86)\Common Files\Oracle\Java\javapath;C:\Windows\system32;C:\Windows;C:\Windows\System32\Wbem;C:\Windows\System32\WindowsPowerShell\v1.0\;C:\Windows\System32\OpenSSH\;C:\Program Files\Git\cmd;E:\TheJavaProg\apache-maven-3.8.4\bin;C:\Program Files (x86)\dotnet\;C:\Program Files\Docker\Docker\resources\bin;C:\ProgramData\DockerDesktop\version-bin;C:\Program Files\Common Files\Oracle\Java\javapath;C:\Program Files (x86)\Common Files\Oracle\Java\javapath;C:\Windows\system32;C:\Windows;C:\Windows\System32\Wbem;C:\Windows\System32\WindowsPowerShell\v1.0\;C:\Windows\System32\OpenSSH\;C:\Program Files\Git\cmd;E:\TheJavaProg\apache-maven-3.8.4\bin;C:\Program Files (x86)\dotnet\;E:\TheJavaProg\jdk-16.0.2\bin;E:\TheJavaProg\apache-maven-3.8.4\bin;E:\WebDriversForSelenium;;E:\WebDriversForSelenium\chromedriver
USERNAME=Miller
OS=Windows_NT
PROCESSOR_IDENTIFIER=Intel64 Family 6 Model 122 Stepping 1, GenuineIntel



---------------  S Y S T E M  ---------------

OS:
 Windows 10 , 64 bit Build 19041 (10.0.19041.1889)
OS uptime: 3 days 0:39 hours
Hyper-V role detected

CPU: total 4 (initial active 4) (4 cores per cpu, 1 threads per core) family 6 model 122 stepping 1 microcode 0x32, cx8, cmov, fxsr, mmx, 3dnowpref, sse, sse2, sse3, ssse3, sse4.1, sse4.2, popcnt, tsc, tscinvbit, aes, erms, clmul, sha, clflush, clflushopt, hv

Memory: 4k page, system-wide physical 3918M (186M free)
TotalPageFile size 15581M (AvailPageFile size 4M)
current process WorkingSet (physical memory assigned to process): 148M, peak: 149M
current process commit charge ("private bytes"): 196M, peak: 198M

vm_info: OpenJDK 64-Bit Server VM (18.0.2+9-61) for windows-amd64 JRE (18.0.2+9-61), built on Jun  7 2022 13:05:59 by "mach5one" with MS VC++ 16.8 / 16.9 (VS2019)

END.
